[debug] [2024-01-30T18:58:06.853Z] ----------------------------------------------------------------------
[debug] [2024-01-30T18:58:06.855Z] Command:       /opt/homebrew/Cellar/node/21.4.0/bin/node /opt/homebrew/bin/firebase emulators:start --only functions
[debug] [2024-01-30T18:58:06.855Z] CLI Version:   13.0.2
[debug] [2024-01-30T18:58:06.855Z] Platform:      darwin
[debug] [2024-01-30T18:58:06.855Z] Node Version:  v21.4.0
[debug] [2024-01-30T18:58:06.855Z] Time:          Tue Jan 30 2024 18:58:06 GMT+0000 (Greenwich Mean Time)
[debug] [2024-01-30T18:58:06.855Z] ----------------------------------------------------------------------
[debug] 
[debug] [2024-01-30T18:58:06.857Z] >>> [apiv2][query] GET https://firebase-public.firebaseio.com/cli.json [none]
[debug] [2024-01-30T18:58:06.905Z] > command requires scopes: ["email","openid","https://www.googleapis.com/auth/cloudplatformprojects.readonly","https://www.googleapis.com/auth/firebase","https://www.googleapis.com/auth/cloud-platform"]
[debug] [2024-01-30T18:58:06.905Z] > authorizing via signed-in user (tomasmccracken@icloud.com)
[info] i  emulators: Starting emulators: functions {"metadata":{"emulator":{"name":"hub"},"message":"Starting emulators: functions"}}
[debug] [2024-01-30T18:58:07.118Z] [logging] Logging Emulator only supports listening on one address (127.0.0.1). Not listening on ::1
[debug] [2024-01-30T18:58:07.119Z] assigned listening specs for emulators {"user":{"hub":[{"address":"127.0.0.1","family":"IPv4","port":4400},{"address":"::1","family":"IPv6","port":4400}],"ui":[{"address":"127.0.0.1","family":"IPv4","port":4000},{"address":"::1","family":"IPv6","port":4000}],"logging":[{"address":"127.0.0.1","family":"IPv4","port":4500}]},"metadata":{"message":"assigned listening specs for emulators"}}
[debug] [2024-01-30T18:58:07.123Z] [hub] writing locator at /var/folders/3m/zv8yhy9x7c797j0f37d6ysmm0000gn/T/hub-finvis-8304.json
[debug] [2024-01-30T18:58:07.265Z] [functions] Functions Emulator only supports listening on one address (127.0.0.1). Not listening on ::1
[debug] [2024-01-30T18:58:07.266Z] [eventarc] Eventarc Emulator only supports listening on one address (127.0.0.1). Not listening on ::1
[debug] [2024-01-30T18:58:07.266Z] late-assigned ports for functions and eventarc emulators {"user":{"hub":[{"address":"127.0.0.1","family":"IPv4","port":4400},{"address":"::1","family":"IPv6","port":4400}],"ui":[{"address":"127.0.0.1","family":"IPv4","port":4000},{"address":"::1","family":"IPv6","port":4000}],"logging":[{"address":"127.0.0.1","family":"IPv4","port":4500}],"functions":[{"address":"127.0.0.1","family":"IPv4","port":5001}],"eventarc":[{"address":"127.0.0.1","family":"IPv4","port":9299}]},"metadata":{"message":"late-assigned ports for functions and eventarc emulators"}}
[warn] ⚠  functions: The following emulators are not running, calls to these services from the Functions emulator will affect production: auth, firestore, database, hosting, pubsub, storage {"metadata":{"emulator":{"name":"functions"},"message":"The following emulators are not running, calls to these services from the Functions emulator will affect production: \u001b[1mauth, firestore, database, hosting, pubsub, storage\u001b[22m"}}
[debug] [2024-01-30T18:58:07.268Z] defaultcredentials: writing to file /Users/tom/.config/firebase/tomasmccracken_icloud_com_application_default_credentials.json
[debug] [2024-01-30T18:58:07.269Z] Setting GAC to /Users/tom/.config/firebase/tomasmccracken_icloud_com_application_default_credentials.json {"metadata":{"emulator":{"name":"functions"},"message":"Setting GAC to /Users/tom/.config/firebase/tomasmccracken_icloud_com_application_default_credentials.json"}}
[debug] [2024-01-30T18:58:07.270Z] > refreshing access token with scopes: []
[debug] [2024-01-30T18:58:07.270Z] >>> [apiv2][query] POST https://www.googleapis.com/oauth2/v3/token [none]
[debug] [2024-01-30T18:58:07.270Z] >>> [apiv2][body] POST https://www.googleapis.com/oauth2/v3/token [omitted]
[debug] [2024-01-30T18:58:07.432Z] <<< [apiv2][status] POST https://www.googleapis.com/oauth2/v3/token 200
[debug] [2024-01-30T18:58:07.432Z] <<< [apiv2][body] POST https://www.googleapis.com/oauth2/v3/token [omitted]
[debug] [2024-01-30T18:58:07.443Z] >>> [apiv2][query] GET https://firebase.googleapis.com/v1beta1/projects/finvis-8304/adminSdkConfig [none]
[debug] [2024-01-30T18:58:07.717Z] <<< [apiv2][status] GET https://firebase.googleapis.com/v1beta1/projects/finvis-8304/adminSdkConfig 200
[debug] [2024-01-30T18:58:07.718Z] <<< [apiv2][body] GET https://firebase.googleapis.com/v1beta1/projects/finvis-8304/adminSdkConfig {"projectId":"finvis-8304","storageBucket":"finvis-8304.appspot.com"}
[debug] [2024-01-30T18:58:07.739Z] Ignoring unsupported arg: auto_download {"metadata":{"emulator":{"name":"ui"},"message":"Ignoring unsupported arg: auto_download"}}
[debug] [2024-01-30T18:58:07.739Z] Ignoring unsupported arg: port {"metadata":{"emulator":{"name":"ui"},"message":"Ignoring unsupported arg: port"}}
[debug] [2024-01-30T18:58:07.739Z] Starting Emulator UI with command {"binary":"node","args":["/Users/tom/.cache/firebase/emulators/ui-v1.11.7/server/server.js"],"optionalArgs":[],"joinArgs":false} {"metadata":{"emulator":{"name":"ui"},"message":"Starting Emulator UI with command {\"binary\":\"node\",\"args\":[\"/Users/tom/.cache/firebase/emulators/ui-v1.11.7/server/server.js\"],\"optionalArgs\":[],\"joinArgs\":false}"}}
[info] i  ui: Emulator UI logging to ui-debug.log {"metadata":{"emulator":{"name":"ui"},"message":"Emulator UI logging to \u001b[1mui-debug.log\u001b[22m"}}
[debug] [2024-01-30T18:58:07.824Z] Web / API server started at 127.0.0.1:4000
 {"metadata":{"emulator":{"name":"ui"},"message":"Web / API server started at 127.0.0.1:4000\n"}}
[debug] [2024-01-30T18:58:07.825Z] Web / API server started at ::1:4000
 {"metadata":{"emulator":{"name":"ui"},"message":"Web / API server started at ::1:4000\n"}}
[info] i  functions: Watching "/Users/tom/Documents/year3/dis/Prototype/finvis/functions" for Cloud Functions... {"metadata":{"emulator":{"name":"functions"},"message":"Watching \"/Users/tom/Documents/year3/dis/Prototype/finvis/functions\" for Cloud Functions..."}}
[debug] [2024-01-30T18:58:08.002Z] Validating nodejs source
[warn] ⚠  functions: package.json indicates an outdated version of firebase-functions. Please upgrade using npm install --save firebase-functions@latest in your functions directory. 
[debug] [2024-01-30T18:58:08.490Z] > [functions] package.json contents: {
  "name": "functions",
  "scripts": {
    "lint": "eslint --ext .js,.ts .",
    "build": "tsc",
    "build:watch": "tsc --watch",
    "serve": "npm run build && firebase emulators:start --only functions",
    "shell": "npm run build && firebase functions:shell",
    "start": "npm run shell",
    "deploy": "firebase deploy --only functions",
    "logs": "firebase functions:log",
    "test": "jest"
  },
  "engines": {
    "node": "18"
  },
  "main": "lib/index.js",
  "dependencies": {
    "firebase-admin": "^11.8.0",
    "firebase-functions": "^4.3.1"
  },
  "devDependencies": {
    "@typescript-eslint/eslint-plugin": "^5.12.0",
    "@typescript-eslint/parser": "^5.12.0",
    "eslint": "^8.9.0",
    "eslint-config-google": "^0.14.0",
    "eslint-config-prettier": "^9.1.0",
    "eslint-plugin-import": "^2.25.4",
    "firebase-functions-test": "^3.1.0",
    "typescript": "^4.9.0"
  },
  "private": true
}
[debug] [2024-01-30T18:58:08.490Z] Building nodejs source
[debug] [2024-01-30T18:58:08.491Z] Failed to find version of module node: reached end of search path /Users/tom/Documents/year3/dis/Prototype/finvis/functions/node_modules
[warn] ⚠  functions: Your requested "node" version "18" doesn't match your global version "21". Using node@21 from host. 
[debug] [2024-01-30T18:58:08.492Z] Could not find functions.yaml. Must use http discovery
[debug] [2024-01-30T18:58:08.495Z] Found firebase-functions binary at '/Users/tom/Documents/year3/dis/Prototype/finvis/functions/node_modules/.bin/firebase-functions'
[info] Serving at port 8463

[debug] [2024-01-30T18:58:08.730Z] Got response from /__/functions.yaml {"endpoints":{"getNewsData":{"availableMemoryMb":null,"timeoutSeconds":null,"minInstances":null,"maxInstances":null,"ingressSettings":null,"concurrency":null,"serviceAccountEmail":null,"vpc":null,"platform":"gcfv2","region":["europe-west2"],"labels":{},"callableTrigger":{},"entryPoint":"getNewsData"},"getStockData":{"availableMemoryMb":null,"timeoutSeconds":null,"minInstances":null,"maxInstances":null,"ingressSettings":null,"concurrency":null,"serviceAccountEmail":null,"vpc":null,"platform":"gcfv2","region":["europe-west2"],"labels":{},"callableTrigger":{},"entryPoint":"getStockData"}},"specVersion":"v1alpha1","requiredAPIs":[]}
[debug] [2024-01-30T18:58:09.359Z] <<< [apiv2][status] GET https://firebase-public.firebaseio.com/cli.json 200
[debug] [2024-01-30T18:58:09.359Z] <<< [apiv2][body] GET https://firebase-public.firebaseio.com/cli.json {"cloudBuildErrorAfter":1594252800000,"cloudBuildWarnAfter":1590019200000,"defaultNode10After":1594252800000,"minVersion":"3.0.5","node8DeploysDisabledAfter":1613390400000,"node8RuntimeDisabledAfter":1615809600000,"node8WarnAfter":1600128000000}
[info] ✔  functions: Loaded functions definitions from source: getNewsData, getStockData. {"metadata":{"emulator":{"name":"functions"},"message":"Loaded functions definitions from source: getNewsData, getStockData."}}
[info] ✔  functions[europe-west2-getNewsData]: http function initialized (http://127.0.0.1:5001/finvis-8304/europe-west2/getNewsData). {"metadata":{"emulator":{"name":"functions"},"message":"\u001b[1mhttp\u001b[22m function initialized (http://127.0.0.1:5001/finvis-8304/europe-west2/getNewsData)."}}
[info] ✔  functions[europe-west2-getStockData]: http function initialized (http://127.0.0.1:5001/finvis-8304/europe-west2/getStockData). {"metadata":{"emulator":{"name":"functions"},"message":"\u001b[1mhttp\u001b[22m function initialized (http://127.0.0.1:5001/finvis-8304/europe-west2/getStockData)."}}
[info] 
┌─────────────────────────────────────────────────────────────┐
│ ✔  All emulators ready! It is now safe to connect your app. │
│ i  View Emulator UI at http://127.0.0.1:4000/               │
└─────────────────────────────────────────────────────────────┘

┌───────────┬────────────────┬─────────────────────────────────┐
│ Emulator  │ Host:Port      │ View in Emulator UI             │
├───────────┼────────────────┼─────────────────────────────────┤
│ Functions │ 127.0.0.1:5001 │ http://127.0.0.1:4000/functions │
└───────────┴────────────────┴─────────────────────────────────┘
  Emulator Hub running at 127.0.0.1:4400
  Other reserved ports: 4500

Issues? Report them at https://github.com/firebase/firebase-tools/issues and attach the *-debug.log files.
 
[debug] [2024-01-30T19:03:44.741Z] [work-queue] {"queuedWork":["/finvis-8304/europe-west2/getStockData-2024-01-30T19:03:44.741Z"],"queueLength":1,"runningWork":[],"workRunningCount":0}
[debug] [2024-01-30T19:03:44.744Z] [work-queue] {"queuedWork":[],"queueLength":0,"runningWork":["/finvis-8304/europe-west2/getStockData-2024-01-30T19:03:44.741Z"],"workRunningCount":1}
[debug] [2024-01-30T19:03:44.746Z] Accepted request POST /finvis-8304/europe-west2/getStockData --> europe-west2-getStockData
[debug] [2024-01-30T19:03:44.749Z] [functions] Runtime ready! Sending request! {"metadata":{"emulator":{"name":"functions"},"message":"[functions] Runtime ready! Sending request!"}}
[debug] [2024-01-30T19:03:44.750Z] [functions] Got req.url=/finvis-8304/europe-west2/getStockData, mapping to path=/ {"metadata":{"emulator":{"name":"functions"},"message":"[functions] Got req.url=/finvis-8304/europe-west2/getStockData, mapping to path=/"}}
[debug] [2024-01-30T19:03:44.758Z] [worker-pool] addWorker(europe-west2-getStockData) {"metadata":{"emulator":{"name":"functions"},"message":"[worker-pool] addWorker(europe-west2-getStockData)"}}
[debug] [2024-01-30T19:03:44.762Z] [worker-pool] Adding worker with key europe-west2-getStockData, total=1 {"metadata":{"emulator":{"name":"functions"},"message":"[worker-pool] Adding worker with key europe-west2-getStockData, total=1"}}
[info] >  (node:10405) [DEP0040] DeprecationWarning: The `punycode` module is deprecated. Please use a userland alternative instead. {"user":"(node:10405) [DEP0040] DeprecationWarning: The `punycode` module is deprecated. Please use a userland alternative instead.","metadata":{"emulator":{"name":"functions"},"function":{"name":"europe-west2-getStockData"},"extension":{},"message":"\u001b[90m> \u001b[39m (node:10405) [DEP0040] DeprecationWarning: The `punycode` module is deprecated. Please use a userland alternative instead."}}
[info] >  (Use `node --trace-deprecation ...` to show where the warning was created) {"user":"(Use `node --trace-deprecation ...` to show where the warning was created)","metadata":{"emulator":{"name":"functions"},"function":{"name":"europe-west2-getStockData"},"extension":{},"message":"\u001b[90m> \u001b[39m (Use `node --trace-deprecation ...` to show where the warning was created)"}}
[debug] [2024-01-30T19:03:45.289Z] [runtime-status] [10405] Resolved module firebase-admin {"declared":true,"installed":true,"version":"11.11.1","resolution":"/Users/tom/Documents/year3/dis/Prototype/finvis/functions/node_modules/firebase-admin/lib/index.js"} {"metadata":{"emulator":{"name":"functions"},"function":{"name":"europe-west2-getStockData"},"extension":{},"message":"[runtime-status] [10405] Resolved module firebase-admin {\"declared\":true,\"installed\":true,\"version\":\"11.11.1\",\"resolution\":\"/Users/tom/Documents/year3/dis/Prototype/finvis/functions/node_modules/firebase-admin/lib/index.js\"}"}}
[debug] [2024-01-30T19:03:45.290Z] [runtime-status] [10405] Resolved module firebase-functions {"declared":true,"installed":true,"version":"4.5.0","resolution":"/Users/tom/Documents/year3/dis/Prototype/finvis/functions/node_modules/firebase-functions/lib/v1/index.js"} {"metadata":{"emulator":{"name":"functions"},"function":{"name":"europe-west2-getStockData"},"extension":{},"message":"[runtime-status] [10405] Resolved module firebase-functions {\"declared\":true,\"installed\":true,\"version\":\"4.5.0\",\"resolution\":\"/Users/tom/Documents/year3/dis/Prototype/finvis/functions/node_modules/firebase-functions/lib/v1/index.js\"}"}}
[debug] [2024-01-30T19:03:45.290Z] [runtime-status] [10405] Outgoing network have been stubbed. [{"name":"http","status":"mocked"},{"name":"http","status":"mocked"},{"name":"https","status":"mocked"},{"name":"https","status":"mocked"},{"name":"net","status":"mocked"}] {"metadata":{"emulator":{"name":"functions"},"function":{"name":"europe-west2-getStockData"},"extension":{},"message":"[runtime-status] [10405] Outgoing network have been stubbed. [{\"name\":\"http\",\"status\":\"mocked\"},{\"name\":\"http\",\"status\":\"mocked\"},{\"name\":\"https\",\"status\":\"mocked\"},{\"name\":\"https\",\"status\":\"mocked\"},{\"name\":\"net\",\"status\":\"mocked\"}]"}}
[debug] [2024-01-30T19:03:45.291Z] [runtime-status] [10405] Resolved module firebase-functions {"declared":true,"installed":true,"version":"4.5.0","resolution":"/Users/tom/Documents/year3/dis/Prototype/finvis/functions/node_modules/firebase-functions/lib/v1/index.js"} {"metadata":{"emulator":{"name":"functions"},"function":{"name":"europe-west2-getStockData"},"extension":{},"message":"[runtime-status] [10405] Resolved module firebase-functions {\"declared\":true,\"installed\":true,\"version\":\"4.5.0\",\"resolution\":\"/Users/tom/Documents/year3/dis/Prototype/finvis/functions/node_modules/firebase-functions/lib/v1/index.js\"}"}}
[debug] [2024-01-30T19:03:45.411Z] [runtime-status] [10405] Checked functions.config() {"config":{}} {"metadata":{"emulator":{"name":"functions"},"function":{"name":"europe-west2-getStockData"},"extension":{},"message":"[runtime-status] [10405] Checked functions.config() {\"config\":{}}"}}
[debug] [2024-01-30T19:03:45.412Z] [runtime-status] [10405] firebase-functions has been stubbed. {"functionsResolution":{"declared":true,"installed":true,"version":"4.5.0","resolution":"/Users/tom/Documents/year3/dis/Prototype/finvis/functions/node_modules/firebase-functions/lib/v1/index.js"}} {"metadata":{"emulator":{"name":"functions"},"function":{"name":"europe-west2-getStockData"},"extension":{},"message":"[runtime-status] [10405] firebase-functions has been stubbed. {\"functionsResolution\":{\"declared\":true,\"installed\":true,\"version\":\"4.5.0\",\"resolution\":\"/Users/tom/Documents/year3/dis/Prototype/finvis/functions/node_modules/firebase-functions/lib/v1/index.js\"}}"}}
[debug] [2024-01-30T19:03:45.412Z] [runtime-status] [10405] Resolved module firebase-functions {"declared":true,"installed":true,"version":"4.5.0","resolution":"/Users/tom/Documents/year3/dis/Prototype/finvis/functions/node_modules/firebase-functions/lib/v1/index.js"} {"metadata":{"emulator":{"name":"functions"},"function":{"name":"europe-west2-getStockData"},"extension":{},"message":"[runtime-status] [10405] Resolved module firebase-functions {\"declared\":true,\"installed\":true,\"version\":\"4.5.0\",\"resolution\":\"/Users/tom/Documents/year3/dis/Prototype/finvis/functions/node_modules/firebase-functions/lib/v1/index.js\"}"}}
[debug] [2024-01-30T19:03:45.412Z] [runtime-status] [10405] Resolved module firebase-admin {"declared":true,"installed":true,"version":"11.11.1","resolution":"/Users/tom/Documents/year3/dis/Prototype/finvis/functions/node_modules/firebase-admin/lib/index.js"} {"metadata":{"emulator":{"name":"functions"},"function":{"name":"europe-west2-getStockData"},"extension":{},"message":"[runtime-status] [10405] Resolved module firebase-admin {\"declared\":true,\"installed\":true,\"version\":\"11.11.1\",\"resolution\":\"/Users/tom/Documents/year3/dis/Prototype/finvis/functions/node_modules/firebase-admin/lib/index.js\"}"}}
[debug] [2024-01-30T19:03:45.413Z] [runtime-status] [10405] Resolved module firebase-functions {"declared":true,"installed":true,"version":"4.5.0","resolution":"/Users/tom/Documents/year3/dis/Prototype/finvis/functions/node_modules/firebase-functions/lib/v1/index.js"} {"metadata":{"emulator":{"name":"functions"},"function":{"name":"europe-west2-getStockData"},"extension":{},"message":"[runtime-status] [10405] Resolved module firebase-functions {\"declared\":true,\"installed\":true,\"version\":\"4.5.0\",\"resolution\":\"/Users/tom/Documents/year3/dis/Prototype/finvis/functions/node_modules/firebase-functions/lib/v1/index.js\"}"}}
[debug] [2024-01-30T19:03:45.413Z] [runtime-status] [10405] firebase-admin has been stubbed. {"adminResolution":{"declared":true,"installed":true,"version":"11.11.1","resolution":"/Users/tom/Documents/year3/dis/Prototype/finvis/functions/node_modules/firebase-admin/lib/index.js"}} {"metadata":{"emulator":{"name":"functions"},"function":{"name":"europe-west2-getStockData"},"extension":{},"message":"[runtime-status] [10405] firebase-admin has been stubbed. {\"adminResolution\":{\"declared\":true,\"installed\":true,\"version\":\"11.11.1\",\"resolution\":\"/Users/tom/Documents/year3/dis/Prototype/finvis/functions/node_modules/firebase-admin/lib/index.js\"}}"}}
[debug] [2024-01-30T19:03:45.421Z] [runtime-status] [10405] Functions runtime initialized. {"cwd":"/Users/tom/Documents/year3/dis/Prototype/finvis/functions","node_version":"21.4.0"} {"metadata":{"emulator":{"name":"functions"},"function":{"name":"europe-west2-getStockData"},"extension":{},"message":"[runtime-status] [10405] Functions runtime initialized. {\"cwd\":\"/Users/tom/Documents/year3/dis/Prototype/finvis/functions\",\"node_version\":\"21.4.0\"}"}}
[debug] [2024-01-30T19:03:45.422Z] [runtime-status] [10405] Listening to port: /var/folders/3m/zv8yhy9x7c797j0f37d6ysmm0000gn/T/fire_emu_eec5cf49035d4858.sock {"metadata":{"emulator":{"name":"functions"},"function":{"name":"europe-west2-getStockData"},"extension":{},"message":"[runtime-status] [10405] Listening to port: /var/folders/3m/zv8yhy9x7c797j0f37d6ysmm0000gn/T/fire_emu_eec5cf49035d4858.sock"}}
[debug] [2024-01-30T19:03:45.476Z] [worker-europe-west2-getStockData-db76c84d-0de8-47ea-837f-9c24fe7b2438]: IDLE {"metadata":{"emulator":{"name":"functions"},"function":{"name":"europe-west2-getStockData"},"extension":{},"message":"[worker-europe-west2-getStockData-db76c84d-0de8-47ea-837f-9c24fe7b2438]: IDLE"}}
[debug] [2024-01-30T19:03:45.476Z] [worker-pool] submitRequest(triggerId=europe-west2-getStockData) {"metadata":{"emulator":{"name":"functions"},"message":"[worker-pool] submitRequest(triggerId=europe-west2-getStockData)"}}
[info] i  functions: Beginning execution of "europe-west2-getStockData" {"metadata":{"emulator":{"name":"functions"},"function":{"name":"europe-west2-getStockData"},"extension":{},"message":"Beginning execution of \"europe-west2-getStockData\""}}
[debug] [2024-01-30T19:03:45.476Z] [worker-europe-west2-getStockData-db76c84d-0de8-47ea-837f-9c24fe7b2438]: BUSY {"metadata":{"emulator":{"name":"functions"},"function":{"name":"europe-west2-getStockData"},"extension":{},"message":"[worker-europe-west2-getStockData-db76c84d-0de8-47ea-837f-9c24fe7b2438]: BUSY"}}
[info] >  {"severity":"WARNING","message":"Request body is missing data."} {"user":{"severity":"WARNING","message":"Request body is missing data."},"metadata":{"emulator":{"name":"functions"},"function":{"name":"europe-west2-getStockData"},"extension":{},"message":"\u001b[90m> \u001b[39m {\"severity\":\"WARNING\",\"message\":\"Request body is missing data.\"}"}}
[info] >  {"severity":"ERROR","message":"Error: Invalid request, unable to process.\n    at entryFromArgs (/Users/tom/Documents/year3/dis/Prototype/finvis/functions/node_modules/firebase-functions/lib/logger/index.js:130:19)\n    at Object.error (/Users/tom/Documents/year3/dis/Prototype/finvis/functions/node_modules/firebase-functions/lib/logger/index.js:116:11)\n    at /Users/tom/Documents/year3/dis/Prototype/finvis/functions/node_modules/firebase-functions/lib/common/providers/https.js:405:24\n    at /Users/tom/Documents/year3/dis/Prototype/finvis/functions/node_modules/firebase-functions/lib/common/providers/https.js:394:25\n    at cors (/Users/tom/Documents/year3/dis/Prototype/finvis/functions/node_modules/cors/lib/index.js:188:7)\n    at /Users/tom/Documents/year3/dis/Prototype/finvis/functions/node_modules/cors/lib/index.js:224:17\n    at originCallback (/Users/tom/Documents/year3/dis/Prototype/finvis/functions/node_modules/cors/lib/index.js:214:15)\n    at /Users/tom/Documents/year3/dis/Prototype/finvis/functions/node_modules/cors/lib/index.js:219:13\n    at optionsCallback (/Users/tom/Documents/year3/dis/Prototype/finvis/functions/node_modules/cors/lib/index.js:199:9)\n    at corsMiddleware (/Users/tom/Documents/year3/dis/Prototype/finvis/functions/node_modules/cors/lib/index.js:204:7)"} {"user":{"severity":"ERROR","message":"Error: Invalid request, unable to process.\n    at entryFromArgs (/Users/tom/Documents/year3/dis/Prototype/finvis/functions/node_modules/firebase-functions/lib/logger/index.js:130:19)\n    at Object.error (/Users/tom/Documents/year3/dis/Prototype/finvis/functions/node_modules/firebase-functions/lib/logger/index.js:116:11)\n    at /Users/tom/Documents/year3/dis/Prototype/finvis/functions/node_modules/firebase-functions/lib/common/providers/https.js:405:24\n    at /Users/tom/Documents/year3/dis/Prototype/finvis/functions/node_modules/firebase-functions/lib/common/providers/https.js:394:25\n    at cors (/Users/tom/Documents/year3/dis/Prototype/finvis/functions/node_modules/cors/lib/index.js:188:7)\n    at /Users/tom/Documents/year3/dis/Prototype/finvis/functions/node_modules/cors/lib/index.js:224:17\n    at originCallback (/Users/tom/Documents/year3/dis/Prototype/finvis/functions/node_modules/cors/lib/index.js:214:15)\n    at /Users/tom/Documents/year3/dis/Prototype/finvis/functions/node_modules/cors/lib/index.js:219:13\n    at optionsCallback (/Users/tom/Documents/year3/dis/Prototype/finvis/functions/node_modules/cors/lib/index.js:199:9)\n    at corsMiddleware (/Users/tom/Documents/year3/dis/Prototype/finvis/functions/node_modules/cors/lib/index.js:204:7)"},"metadata":{"emulator":{"name":"functions"},"function":{"name":"europe-west2-getStockData"},"extension":{},"message":"\u001b[90m> \u001b[39m {\"severity\":\"ERROR\",\"message\":\"Error: Invalid request, unable to process.\\n    at entryFromArgs (/Users/tom/Documents/year3/dis/Prototype/finvis/functions/node_modules/firebase-functions/lib/logger/index.js:130:19)\\n    at Object.error (/Users/tom/Documents/year3/dis/Prototype/finvis/functions/node_modules/firebase-functions/lib/logger/index.js:116:11)\\n    at /Users/tom/Documents/year3/dis/Prototype/finvis/functions/node_modules/firebase-functions/lib/common/providers/https.js:405:24\\n    at /Users/tom/Documents/year3/dis/Prototype/finvis/functions/node_modules/firebase-functions/lib/common/providers/https.js:394:25\\n    at cors (/Users/tom/Documents/year3/dis/Prototype/finvis/functions/node_modules/cors/lib/index.js:188:7)\\n    at /Users/tom/Documents/year3/dis/Prototype/finvis/functions/node_modules/cors/lib/index.js:224:17\\n    at originCallback (/Users/tom/Documents/year3/dis/Prototype/finvis/functions/node_modules/cors/lib/index.js:214:15)\\n    at /Users/tom/Documents/year3/dis/Prototype/finvis/functions/node_modules/cors/lib/index.js:219:13\\n    at optionsCallback (/Users/tom/Documents/year3/dis/Prototype/finvis/functions/node_modules/cors/lib/index.js:199:9)\\n    at corsMiddleware (/Users/tom/Documents/year3/dis/Prototype/finvis/functions/node_modules/cors/lib/index.js:204:7)\"}"}}
[debug] [2024-01-30T19:03:45.486Z] Finishing up request with event=pause {"metadata":{"emulator":{"name":"functions"},"function":{"name":"europe-west2-getStockData"},"extension":{},"message":"Finishing up request with event=pause"}}
[info] i  functions: Finished "europe-west2-getStockData" in 9.836292ms {"metadata":{"emulator":{"name":"functions"},"function":{"name":"europe-west2-getStockData"},"extension":{},"message":"Finished \"europe-west2-getStockData\" in 9.836292ms"}}
[debug] [2024-01-30T19:03:45.486Z] [worker-europe-west2-getStockData-db76c84d-0de8-47ea-837f-9c24fe7b2438]: IDLE {"metadata":{"emulator":{"name":"functions"},"function":{"name":"europe-west2-getStockData"},"extension":{},"message":"[worker-europe-west2-getStockData-db76c84d-0de8-47ea-837f-9c24fe7b2438]: IDLE"}}
[debug] [2024-01-30T19:03:45.486Z] Finishing up request with event=finish {"metadata":{"emulator":{"name":"functions"},"function":{"name":"europe-west2-getStockData"},"extension":{},"message":"Finishing up request with event=finish"}}
[debug] [2024-01-30T19:03:45.486Z] Finishing up request with event=close {"metadata":{"emulator":{"name":"functions"},"function":{"name":"europe-west2-getStockData"},"extension":{},"message":"Finishing up request with event=close"}}
[debug] [2024-01-30T19:03:45.486Z] [work-queue] {"queuedWork":[],"queueLength":0,"runningWork":[],"workRunningCount":0}
[debug] [2024-01-30T19:04:34.512Z] [work-queue] {"queuedWork":["/finvis-8304/europe-west2/getStockData-2024-01-30T19:04:34.512Z"],"queueLength":1,"runningWork":[],"workRunningCount":0}
[debug] [2024-01-30T19:04:34.513Z] [work-queue] {"queuedWork":[],"queueLength":0,"runningWork":["/finvis-8304/europe-west2/getStockData-2024-01-30T19:04:34.512Z"],"workRunningCount":1}
[debug] [2024-01-30T19:04:34.513Z] Accepted request POST /finvis-8304/europe-west2/getStockData --> europe-west2-getStockData
[debug] [2024-01-30T19:04:34.514Z] [functions] Runtime ready! Sending request! {"metadata":{"emulator":{"name":"functions"},"message":"[functions] Runtime ready! Sending request!"}}
[debug] [2024-01-30T19:04:34.515Z] [functions] Got req.url=/finvis-8304/europe-west2/getStockData, mapping to path=/ {"metadata":{"emulator":{"name":"functions"},"message":"[functions] Got req.url=/finvis-8304/europe-west2/getStockData, mapping to path=/"}}
[debug] [2024-01-30T19:04:34.515Z] [worker-pool] submitRequest(triggerId=europe-west2-getStockData) {"metadata":{"emulator":{"name":"functions"},"message":"[worker-pool] submitRequest(triggerId=europe-west2-getStockData)"}}
[info] i  functions: Beginning execution of "europe-west2-getStockData" {"metadata":{"emulator":{"name":"functions"},"function":{"name":"europe-west2-getStockData"},"extension":{},"message":"Beginning execution of \"europe-west2-getStockData\""}}
[debug] [2024-01-30T19:04:34.515Z] [worker-europe-west2-getStockData-db76c84d-0de8-47ea-837f-9c24fe7b2438]: BUSY {"metadata":{"emulator":{"name":"functions"},"function":{"name":"europe-west2-getStockData"},"extension":{},"message":"[worker-europe-west2-getStockData-db76c84d-0de8-47ea-837f-9c24fe7b2438]: BUSY"}}
[debug] [2024-01-30T19:04:34.518Z] Finishing up request with event=pause {"metadata":{"emulator":{"name":"functions"},"function":{"name":"europe-west2-getStockData"},"extension":{},"message":"Finishing up request with event=pause"}}
[info] i  functions: Finished "europe-west2-getStockData" in 3.165333ms {"metadata":{"emulator":{"name":"functions"},"function":{"name":"europe-west2-getStockData"},"extension":{},"message":"Finished \"europe-west2-getStockData\" in 3.165333ms"}}
[debug] [2024-01-30T19:04:34.518Z] [worker-europe-west2-getStockData-db76c84d-0de8-47ea-837f-9c24fe7b2438]: IDLE {"metadata":{"emulator":{"name":"functions"},"function":{"name":"europe-west2-getStockData"},"extension":{},"message":"[worker-europe-west2-getStockData-db76c84d-0de8-47ea-837f-9c24fe7b2438]: IDLE"}}
[debug] [2024-01-30T19:04:34.518Z] Finishing up request with event=finish {"metadata":{"emulator":{"name":"functions"},"function":{"name":"europe-west2-getStockData"},"extension":{},"message":"Finishing up request with event=finish"}}
[debug] [2024-01-30T19:04:34.518Z] Finishing up request with event=close {"metadata":{"emulator":{"name":"functions"},"function":{"name":"europe-west2-getStockData"},"extension":{},"message":"Finishing up request with event=close"}}
[debug] [2024-01-30T19:04:34.518Z] [work-queue] {"queuedWork":[],"queueLength":0,"runningWork":[],"workRunningCount":0}
[info] >  SyntaxError: Unexpected token 'd', "data{ {"user":"SyntaxError: Unexpected token 'd', \"data{","metadata":{"emulator":{"name":"functions"},"function":{"name":"europe-west2-getStockData"},"extension":{},"message":"\u001b[90m> \u001b[39m SyntaxError: Unexpected token 'd', \"data{"}}
[info] >  	 {"user":"\t","metadata":{"emulator":{"name":"functions"},"function":{"name":"europe-west2-getStockData"},"extension":{},"message":"\u001b[90m> \u001b[39m \t"}}
[info] >  }" is not valid JSON {"user":"}\" is not valid JSON","metadata":{"emulator":{"name":"functions"},"function":{"name":"europe-west2-getStockData"},"extension":{},"message":"\u001b[90m> \u001b[39m }\" is not valid JSON"}}
[info] >      at JSON.parse (<anonymous>) {"user":"    at JSON.parse (<anonymous>)","metadata":{"emulator":{"name":"functions"},"function":{"name":"europe-west2-getStockData"},"extension":{},"message":"\u001b[90m> \u001b[39m     at JSON.parse (<anonymous>)"}}
[info] >      at createStrictSyntaxError (/opt/homebrew/lib/node_modules/firebase-tools/node_modules/body-parser/lib/types/json.js:169:10) {"user":"    at createStrictSyntaxError (/opt/homebrew/lib/node_modules/firebase-tools/node_modules/body-parser/lib/types/json.js:169:10)","metadata":{"emulator":{"name":"functions"},"function":{"name":"europe-west2-getStockData"},"extension":{},"message":"\u001b[90m> \u001b[39m     at createStrictSyntaxError (/opt/homebrew/lib/node_modules/firebase-tools/node_modules/body-parser/lib/types/json.js:169:10)"}}
[info] >      at parse (/opt/homebrew/lib/node_modules/firebase-tools/node_modules/body-parser/lib/types/json.js:86:15) {"user":"    at parse (/opt/homebrew/lib/node_modules/firebase-tools/node_modules/body-parser/lib/types/json.js:86:15)","metadata":{"emulator":{"name":"functions"},"function":{"name":"europe-west2-getStockData"},"extension":{},"message":"\u001b[90m> \u001b[39m     at parse (/opt/homebrew/lib/node_modules/firebase-tools/node_modules/body-parser/lib/types/json.js:86:15)"}}
[info] >      at /opt/homebrew/lib/node_modules/firebase-tools/node_modules/body-parser/lib/read.js:128:18 {"user":"    at /opt/homebrew/lib/node_modules/firebase-tools/node_modules/body-parser/lib/read.js:128:18","metadata":{"emulator":{"name":"functions"},"function":{"name":"europe-west2-getStockData"},"extension":{},"message":"\u001b[90m> \u001b[39m     at /opt/homebrew/lib/node_modules/firebase-tools/node_modules/body-parser/lib/read.js:128:18"}}
[info] >      at AsyncResource.runInAsyncScope (node:async_hooks:206:9) {"user":"    at AsyncResource.runInAsyncScope (node:async_hooks:206:9)","metadata":{"emulator":{"name":"functions"},"function":{"name":"europe-west2-getStockData"},"extension":{},"message":"\u001b[90m> \u001b[39m     at AsyncResource.runInAsyncScope (node:async_hooks:206:9)"}}
[info] >      at invokeCallback (/opt/homebrew/lib/node_modules/firebase-tools/node_modules/raw-body/index.js:238:16) {"user":"    at invokeCallback (/opt/homebrew/lib/node_modules/firebase-tools/node_modules/raw-body/index.js:238:16)","metadata":{"emulator":{"name":"functions"},"function":{"name":"europe-west2-getStockData"},"extension":{},"message":"\u001b[90m> \u001b[39m     at invokeCallback (/opt/homebrew/lib/node_modules/firebase-tools/node_modules/raw-body/index.js:238:16)"}}
[info] >      at done (/opt/homebrew/lib/node_modules/firebase-tools/node_modules/raw-body/index.js:227:7) {"user":"    at done (/opt/homebrew/lib/node_modules/firebase-tools/node_modules/raw-body/index.js:227:7)","metadata":{"emulator":{"name":"functions"},"function":{"name":"europe-west2-getStockData"},"extension":{},"message":"\u001b[90m> \u001b[39m     at done (/opt/homebrew/lib/node_modules/firebase-tools/node_modules/raw-body/index.js:227:7)"}}
[info] >      at IncomingMessage.onEnd (/opt/homebrew/lib/node_modules/firebase-tools/node_modules/raw-body/index.js:287:7) {"user":"    at IncomingMessage.onEnd (/opt/homebrew/lib/node_modules/firebase-tools/node_modules/raw-body/index.js:287:7)","metadata":{"emulator":{"name":"functions"},"function":{"name":"europe-west2-getStockData"},"extension":{},"message":"\u001b[90m> \u001b[39m     at IncomingMessage.onEnd (/opt/homebrew/lib/node_modules/firebase-tools/node_modules/raw-body/index.js:287:7)"}}
[info] >      at IncomingMessage.emit (node:events:519:28) {"user":"    at IncomingMessage.emit (node:events:519:28)","metadata":{"emulator":{"name":"functions"},"function":{"name":"europe-west2-getStockData"},"extension":{},"message":"\u001b[90m> \u001b[39m     at IncomingMessage.emit (node:events:519:28)"}}
[info] >      at endReadableNT (node:internal/streams/readable:1696:12) {"user":"    at endReadableNT (node:internal/streams/readable:1696:12)","metadata":{"emulator":{"name":"functions"},"function":{"name":"europe-west2-getStockData"},"extension":{},"message":"\u001b[90m> \u001b[39m     at endReadableNT (node:internal/streams/readable:1696:12)"}}
[debug] [2024-01-30T19:04:44.922Z] [work-queue] {"queuedWork":["/finvis-8304/europe-west2/getStockData-2024-01-30T19:04:44.922Z"],"queueLength":1,"runningWork":[],"workRunningCount":0}
[debug] [2024-01-30T19:04:44.923Z] [work-queue] {"queuedWork":[],"queueLength":0,"runningWork":["/finvis-8304/europe-west2/getStockData-2024-01-30T19:04:44.922Z"],"workRunningCount":1}
[debug] [2024-01-30T19:04:44.923Z] Accepted request POST /finvis-8304/europe-west2/getStockData --> europe-west2-getStockData
[debug] [2024-01-30T19:04:44.926Z] [functions] Runtime ready! Sending request! {"metadata":{"emulator":{"name":"functions"},"message":"[functions] Runtime ready! Sending request!"}}
[debug] [2024-01-30T19:04:44.927Z] [functions] Got req.url=/finvis-8304/europe-west2/getStockData, mapping to path=/ {"metadata":{"emulator":{"name":"functions"},"message":"[functions] Got req.url=/finvis-8304/europe-west2/getStockData, mapping to path=/"}}
[debug] [2024-01-30T19:04:44.927Z] [worker-pool] submitRequest(triggerId=europe-west2-getStockData) {"metadata":{"emulator":{"name":"functions"},"message":"[worker-pool] submitRequest(triggerId=europe-west2-getStockData)"}}
[info] i  functions: Beginning execution of "europe-west2-getStockData" {"metadata":{"emulator":{"name":"functions"},"function":{"name":"europe-west2-getStockData"},"extension":{},"message":"Beginning execution of \"europe-west2-getStockData\""}}
[debug] [2024-01-30T19:04:44.928Z] [worker-europe-west2-getStockData-db76c84d-0de8-47ea-837f-9c24fe7b2438]: BUSY {"metadata":{"emulator":{"name":"functions"},"function":{"name":"europe-west2-getStockData"},"extension":{},"message":"[worker-europe-west2-getStockData-db76c84d-0de8-47ea-837f-9c24fe7b2438]: BUSY"}}
[debug] [2024-01-30T19:04:44.936Z] Finishing up request with event=pause {"metadata":{"emulator":{"name":"functions"},"function":{"name":"europe-west2-getStockData"},"extension":{},"message":"Finishing up request with event=pause"}}
[info] i  functions: Finished "europe-west2-getStockData" in 8.410083ms {"metadata":{"emulator":{"name":"functions"},"function":{"name":"europe-west2-getStockData"},"extension":{},"message":"Finished \"europe-west2-getStockData\" in 8.410083ms"}}
[debug] [2024-01-30T19:04:44.937Z] [worker-europe-west2-getStockData-db76c84d-0de8-47ea-837f-9c24fe7b2438]: IDLE {"metadata":{"emulator":{"name":"functions"},"function":{"name":"europe-west2-getStockData"},"extension":{},"message":"[worker-europe-west2-getStockData-db76c84d-0de8-47ea-837f-9c24fe7b2438]: IDLE"}}
[debug] [2024-01-30T19:04:44.937Z] Finishing up request with event=finish {"metadata":{"emulator":{"name":"functions"},"function":{"name":"europe-west2-getStockData"},"extension":{},"message":"Finishing up request with event=finish"}}
[debug] [2024-01-30T19:04:44.937Z] Finishing up request with event=close {"metadata":{"emulator":{"name":"functions"},"function":{"name":"europe-west2-getStockData"},"extension":{},"message":"Finishing up request with event=close"}}
[debug] [2024-01-30T19:04:44.938Z] [work-queue] {"queuedWork":[],"queueLength":0,"runningWork":[],"workRunningCount":0}
[info] >  SyntaxError: Unexpected token 'd', "data: { {"user":"SyntaxError: Unexpected token 'd', \"data: {","metadata":{"emulator":{"name":"functions"},"function":{"name":"europe-west2-getStockData"},"extension":{},"message":"\u001b[90m> \u001b[39m SyntaxError: Unexpected token 'd', \"data: {"}}
[info] >  	 {"user":"\t","metadata":{"emulator":{"name":"functions"},"function":{"name":"europe-west2-getStockData"},"extension":{},"message":"\u001b[90m> \u001b[39m \t"}}
[info] >  }" is not valid JSON {"user":"}\" is not valid JSON","metadata":{"emulator":{"name":"functions"},"function":{"name":"europe-west2-getStockData"},"extension":{},"message":"\u001b[90m> \u001b[39m }\" is not valid JSON"}}
[info] >      at JSON.parse (<anonymous>) {"user":"    at JSON.parse (<anonymous>)","metadata":{"emulator":{"name":"functions"},"function":{"name":"europe-west2-getStockData"},"extension":{},"message":"\u001b[90m> \u001b[39m     at JSON.parse (<anonymous>)"}}
[info] >      at createStrictSyntaxError (/opt/homebrew/lib/node_modules/firebase-tools/node_modules/body-parser/lib/types/json.js:169:10) {"user":"    at createStrictSyntaxError (/opt/homebrew/lib/node_modules/firebase-tools/node_modules/body-parser/lib/types/json.js:169:10)","metadata":{"emulator":{"name":"functions"},"function":{"name":"europe-west2-getStockData"},"extension":{},"message":"\u001b[90m> \u001b[39m     at createStrictSyntaxError (/opt/homebrew/lib/node_modules/firebase-tools/node_modules/body-parser/lib/types/json.js:169:10)"}}
[info] >      at parse (/opt/homebrew/lib/node_modules/firebase-tools/node_modules/body-parser/lib/types/json.js:86:15) {"user":"    at parse (/opt/homebrew/lib/node_modules/firebase-tools/node_modules/body-parser/lib/types/json.js:86:15)","metadata":{"emulator":{"name":"functions"},"function":{"name":"europe-west2-getStockData"},"extension":{},"message":"\u001b[90m> \u001b[39m     at parse (/opt/homebrew/lib/node_modules/firebase-tools/node_modules/body-parser/lib/types/json.js:86:15)"}}
[info] >      at /opt/homebrew/lib/node_modules/firebase-tools/node_modules/body-parser/lib/read.js:128:18 {"user":"    at /opt/homebrew/lib/node_modules/firebase-tools/node_modules/body-parser/lib/read.js:128:18","metadata":{"emulator":{"name":"functions"},"function":{"name":"europe-west2-getStockData"},"extension":{},"message":"\u001b[90m> \u001b[39m     at /opt/homebrew/lib/node_modules/firebase-tools/node_modules/body-parser/lib/read.js:128:18"}}
[info] >      at AsyncResource.runInAsyncScope (node:async_hooks:206:9) {"user":"    at AsyncResource.runInAsyncScope (node:async_hooks:206:9)","metadata":{"emulator":{"name":"functions"},"function":{"name":"europe-west2-getStockData"},"extension":{},"message":"\u001b[90m> \u001b[39m     at AsyncResource.runInAsyncScope (node:async_hooks:206:9)"}}
[info] >      at invokeCallback (/opt/homebrew/lib/node_modules/firebase-tools/node_modules/raw-body/index.js:238:16) {"user":"    at invokeCallback (/opt/homebrew/lib/node_modules/firebase-tools/node_modules/raw-body/index.js:238:16)","metadata":{"emulator":{"name":"functions"},"function":{"name":"europe-west2-getStockData"},"extension":{},"message":"\u001b[90m> \u001b[39m     at invokeCallback (/opt/homebrew/lib/node_modules/firebase-tools/node_modules/raw-body/index.js:238:16)"}}
[info] >      at done (/opt/homebrew/lib/node_modules/firebase-tools/node_modules/raw-body/index.js:227:7) {"user":"    at done (/opt/homebrew/lib/node_modules/firebase-tools/node_modules/raw-body/index.js:227:7)","metadata":{"emulator":{"name":"functions"},"function":{"name":"europe-west2-getStockData"},"extension":{},"message":"\u001b[90m> \u001b[39m     at done (/opt/homebrew/lib/node_modules/firebase-tools/node_modules/raw-body/index.js:227:7)"}}
[info] >      at IncomingMessage.onEnd (/opt/homebrew/lib/node_modules/firebase-tools/node_modules/raw-body/index.js:287:7) {"user":"    at IncomingMessage.onEnd (/opt/homebrew/lib/node_modules/firebase-tools/node_modules/raw-body/index.js:287:7)","metadata":{"emulator":{"name":"functions"},"function":{"name":"europe-west2-getStockData"},"extension":{},"message":"\u001b[90m> \u001b[39m     at IncomingMessage.onEnd (/opt/homebrew/lib/node_modules/firebase-tools/node_modules/raw-body/index.js:287:7)"}}
[info] >      at IncomingMessage.emit (node:events:519:28) {"user":"    at IncomingMessage.emit (node:events:519:28)","metadata":{"emulator":{"name":"functions"},"function":{"name":"europe-west2-getStockData"},"extension":{},"message":"\u001b[90m> \u001b[39m     at IncomingMessage.emit (node:events:519:28)"}}
[info] >      at endReadableNT (node:internal/streams/readable:1696:12) {"user":"    at endReadableNT (node:internal/streams/readable:1696:12)","metadata":{"emulator":{"name":"functions"},"function":{"name":"europe-west2-getStockData"},"extension":{},"message":"\u001b[90m> \u001b[39m     at endReadableNT (node:internal/streams/readable:1696:12)"}}
[debug] [2024-01-30T19:05:14.446Z] [work-queue] {"queuedWork":["/finvis-8304/europe-west2/getStockData-2024-01-30T19:05:14.446Z"],"queueLength":1,"runningWork":[],"workRunningCount":0}
[debug] [2024-01-30T19:05:14.446Z] [work-queue] {"queuedWork":[],"queueLength":0,"runningWork":["/finvis-8304/europe-west2/getStockData-2024-01-30T19:05:14.446Z"],"workRunningCount":1}
[debug] [2024-01-30T19:05:14.446Z] Accepted request POST /finvis-8304/europe-west2/getStockData --> europe-west2-getStockData
[debug] [2024-01-30T19:05:14.453Z] [functions] Runtime ready! Sending request! {"metadata":{"emulator":{"name":"functions"},"message":"[functions] Runtime ready! Sending request!"}}
[debug] [2024-01-30T19:05:14.453Z] [functions] Got req.url=/finvis-8304/europe-west2/getStockData, mapping to path=/ {"metadata":{"emulator":{"name":"functions"},"message":"[functions] Got req.url=/finvis-8304/europe-west2/getStockData, mapping to path=/"}}
[debug] [2024-01-30T19:05:14.453Z] [worker-pool] submitRequest(triggerId=europe-west2-getStockData) {"metadata":{"emulator":{"name":"functions"},"message":"[worker-pool] submitRequest(triggerId=europe-west2-getStockData)"}}
[info] i  functions: Beginning execution of "europe-west2-getStockData" {"metadata":{"emulator":{"name":"functions"},"function":{"name":"europe-west2-getStockData"},"extension":{},"message":"Beginning execution of \"europe-west2-getStockData\""}}
[debug] [2024-01-30T19:05:14.454Z] [worker-europe-west2-getStockData-db76c84d-0de8-47ea-837f-9c24fe7b2438]: BUSY {"metadata":{"emulator":{"name":"functions"},"function":{"name":"europe-west2-getStockData"},"extension":{},"message":"[worker-europe-west2-getStockData-db76c84d-0de8-47ea-837f-9c24fe7b2438]: BUSY"}}
[info] >  {"verifications":{"app":"MISSING","auth":"MISSING"},"logging.googleapis.com/labels":{"firebase-log-type":"callable-request-verification"},"severity":"DEBUG","message":"Callable request verification passed"} {"user":{"verifications":{"app":"MISSING","auth":"MISSING"},"logging.googleapis.com/labels":{"firebase-log-type":"callable-request-verification"},"severity":"DEBUG","message":"Callable request verification passed"},"metadata":{"emulator":{"name":"functions"},"function":{"name":"europe-west2-getStockData"},"extension":{},"message":"\u001b[90m> \u001b[39m {\"verifications\":{\"app\":\"MISSING\",\"auth\":\"MISSING\"},\"logging.googleapis.com/labels\":{\"firebase-log-type\":\"callable-request-verification\"},\"severity\":\"DEBUG\",\"message\":\"Callable request verification passed\"}"}}
[info] >  {"severity":"ERROR","message":"Unhandled error Error: Invalid request\n    at /Users/tom/Documents/year3/dis/Prototype/finvis/functions/lib/index.js:144:15\n    at fixedLen (/Users/tom/Documents/year3/dis/Prototype/finvis/functions/node_modules/firebase-functions/lib/v2/providers/https.js:121:31)\n    at /Users/tom/Documents/year3/dis/Prototype/finvis/functions/node_modules/firebase-functions/lib/common/providers/https.js:467:32\n    at process.processTicksAndRejections (node:internal/process/task_queues:95:5)\n    at async runFunction (/opt/homebrew/lib/node_modules/firebase-tools/lib/emulator/functionsEmulatorRuntime.js:506:9)\n    at async runHTTPS (/opt/homebrew/lib/node_modules/firebase-tools/lib/emulator/functionsEmulatorRuntime.js:531:5)\n    at async /opt/homebrew/lib/node_modules/firebase-tools/lib/emulator/functionsEmulatorRuntime.js:694:21"} {"user":{"severity":"ERROR","message":"Unhandled error Error: Invalid request\n    at /Users/tom/Documents/year3/dis/Prototype/finvis/functions/lib/index.js:144:15\n    at fixedLen (/Users/tom/Documents/year3/dis/Prototype/finvis/functions/node_modules/firebase-functions/lib/v2/providers/https.js:121:31)\n    at /Users/tom/Documents/year3/dis/Prototype/finvis/functions/node_modules/firebase-functions/lib/common/providers/https.js:467:32\n    at process.processTicksAndRejections (node:internal/process/task_queues:95:5)\n    at async runFunction (/opt/homebrew/lib/node_modules/firebase-tools/lib/emulator/functionsEmulatorRuntime.js:506:9)\n    at async runHTTPS (/opt/homebrew/lib/node_modules/firebase-tools/lib/emulator/functionsEmulatorRuntime.js:531:5)\n    at async /opt/homebrew/lib/node_modules/firebase-tools/lib/emulator/functionsEmulatorRuntime.js:694:21"},"metadata":{"emulator":{"name":"functions"},"function":{"name":"europe-west2-getStockData"},"extension":{},"message":"\u001b[90m> \u001b[39m {\"severity\":\"ERROR\",\"message\":\"Unhandled error Error: Invalid request\\n    at /Users/tom/Documents/year3/dis/Prototype/finvis/functions/lib/index.js:144:15\\n    at fixedLen (/Users/tom/Documents/year3/dis/Prototype/finvis/functions/node_modules/firebase-functions/lib/v2/providers/https.js:121:31)\\n    at /Users/tom/Documents/year3/dis/Prototype/finvis/functions/node_modules/firebase-functions/lib/common/providers/https.js:467:32\\n    at process.processTicksAndRejections (node:internal/process/task_queues:95:5)\\n    at async runFunction (/opt/homebrew/lib/node_modules/firebase-tools/lib/emulator/functionsEmulatorRuntime.js:506:9)\\n    at async runHTTPS (/opt/homebrew/lib/node_modules/firebase-tools/lib/emulator/functionsEmulatorRuntime.js:531:5)\\n    at async /opt/homebrew/lib/node_modules/firebase-tools/lib/emulator/functionsEmulatorRuntime.js:694:21\"}"}}
[debug] [2024-01-30T19:05:14.467Z] Finishing up request with event=pause {"metadata":{"emulator":{"name":"functions"},"function":{"name":"europe-west2-getStockData"},"extension":{},"message":"Finishing up request with event=pause"}}
[info] i  functions: Finished "europe-west2-getStockData" in 13.933375ms {"metadata":{"emulator":{"name":"functions"},"function":{"name":"europe-west2-getStockData"},"extension":{},"message":"Finished \"europe-west2-getStockData\" in 13.933375ms"}}
[debug] [2024-01-30T19:05:14.468Z] [worker-europe-west2-getStockData-db76c84d-0de8-47ea-837f-9c24fe7b2438]: IDLE {"metadata":{"emulator":{"name":"functions"},"function":{"name":"europe-west2-getStockData"},"extension":{},"message":"[worker-europe-west2-getStockData-db76c84d-0de8-47ea-837f-9c24fe7b2438]: IDLE"}}
[debug] [2024-01-30T19:05:14.468Z] Finishing up request with event=finish {"metadata":{"emulator":{"name":"functions"},"function":{"name":"europe-west2-getStockData"},"extension":{},"message":"Finishing up request with event=finish"}}
[debug] [2024-01-30T19:05:14.468Z] Finishing up request with event=close {"metadata":{"emulator":{"name":"functions"},"function":{"name":"europe-west2-getStockData"},"extension":{},"message":"Finishing up request with event=close"}}
[debug] [2024-01-30T19:05:14.468Z] [work-queue] {"queuedWork":[],"queueLength":0,"runningWork":[],"workRunningCount":0}
[debug] [2024-01-30T19:08:13.936Z] [work-queue] {"queuedWork":["/finvis-8304/europe-west2/getStockData-2024-01-30T19:08:13.936Z"],"queueLength":1,"runningWork":[],"workRunningCount":0}
[debug] [2024-01-30T19:08:13.937Z] [work-queue] {"queuedWork":[],"queueLength":0,"runningWork":["/finvis-8304/europe-west2/getStockData-2024-01-30T19:08:13.936Z"],"workRunningCount":1}
[debug] [2024-01-30T19:08:13.937Z] Accepted request POST /finvis-8304/europe-west2/getStockData --> europe-west2-getStockData
[debug] [2024-01-30T19:08:13.940Z] [functions] Runtime ready! Sending request! {"metadata":{"emulator":{"name":"functions"},"message":"[functions] Runtime ready! Sending request!"}}
[debug] [2024-01-30T19:08:13.940Z] [functions] Got req.url=/finvis-8304/europe-west2/getStockData, mapping to path=/ {"metadata":{"emulator":{"name":"functions"},"message":"[functions] Got req.url=/finvis-8304/europe-west2/getStockData, mapping to path=/"}}
[debug] [2024-01-30T19:08:13.941Z] [worker-pool] submitRequest(triggerId=europe-west2-getStockData) {"metadata":{"emulator":{"name":"functions"},"message":"[worker-pool] submitRequest(triggerId=europe-west2-getStockData)"}}
[info] i  functions: Beginning execution of "europe-west2-getStockData" {"metadata":{"emulator":{"name":"functions"},"function":{"name":"europe-west2-getStockData"},"extension":{},"message":"Beginning execution of \"europe-west2-getStockData\""}}
[debug] [2024-01-30T19:08:13.942Z] [worker-europe-west2-getStockData-db76c84d-0de8-47ea-837f-9c24fe7b2438]: BUSY {"metadata":{"emulator":{"name":"functions"},"function":{"name":"europe-west2-getStockData"},"extension":{},"message":"[worker-europe-west2-getStockData-db76c84d-0de8-47ea-837f-9c24fe7b2438]: BUSY"}}
[info] >  {"verifications":{"app":"MISSING","auth":"MISSING"},"logging.googleapis.com/labels":{"firebase-log-type":"callable-request-verification"},"severity":"DEBUG","message":"Callable request verification passed"} {"user":{"verifications":{"app":"MISSING","auth":"MISSING"},"logging.googleapis.com/labels":{"firebase-log-type":"callable-request-verification"},"severity":"DEBUG","message":"Callable request verification passed"},"metadata":{"emulator":{"name":"functions"},"function":{"name":"europe-west2-getStockData"},"extension":{},"message":"\u001b[90m> \u001b[39m {\"verifications\":{\"app\":\"MISSING\",\"auth\":\"MISSING\"},\"logging.googleapis.com/labels\":{\"firebase-log-type\":\"callable-request-verification\"},\"severity\":\"DEBUG\",\"message\":\"Callable request verification passed\"}"}}
[info] >  {"structuredData":true,"severity":"INFO","message":"Hello logs!"} {"user":{"structuredData":true,"severity":"INFO","message":"Hello logs!"},"metadata":{"emulator":{"name":"functions"},"function":{"name":"europe-west2-getStockData"},"extension":{},"message":"\u001b[90m> \u001b[39m {\"structuredData\":true,\"severity\":\"INFO\",\"message\":\"Hello logs!\"}"}}
[info] >  There was a problem with the fetch operation:  Error: HTTP error! status: 404 {"user":"There was a problem with the fetch operation:  Error: HTTP error! status: 404","metadata":{"emulator":{"name":"functions"},"function":{"name":"europe-west2-getStockData"},"extension":{},"message":"\u001b[90m> \u001b[39m There was a problem with the fetch operation:  Error: HTTP error! status: 404"}}
[info] >      at getExternalStockData (/Users/tom/Documents/year3/dis/Prototype/finvis/functions/lib/index.js:71:19) {"user":"    at getExternalStockData (/Users/tom/Documents/year3/dis/Prototype/finvis/functions/lib/index.js:71:19)","metadata":{"emulator":{"name":"functions"},"function":{"name":"europe-west2-getStockData"},"extension":{},"message":"\u001b[90m> \u001b[39m     at getExternalStockData (/Users/tom/Documents/year3/dis/Prototype/finvis/functions/lib/index.js:71:19)"}}
[info] >      at process.processTicksAndRejections (node:internal/process/task_queues:95:5) {"user":"    at process.processTicksAndRejections (node:internal/process/task_queues:95:5)","metadata":{"emulator":{"name":"functions"},"function":{"name":"europe-west2-getStockData"},"extension":{},"message":"\u001b[90m> \u001b[39m     at process.processTicksAndRejections (node:internal/process/task_queues:95:5)"}}
[info] >      at async /Users/tom/Documents/year3/dis/Prototype/finvis/functions/lib/index.js:152:12 {"user":"    at async /Users/tom/Documents/year3/dis/Prototype/finvis/functions/lib/index.js:152:12","metadata":{"emulator":{"name":"functions"},"function":{"name":"europe-west2-getStockData"},"extension":{},"message":"\u001b[90m> \u001b[39m     at async /Users/tom/Documents/year3/dis/Prototype/finvis/functions/lib/index.js:152:12"}}
[info] >      at async /Users/tom/Documents/year3/dis/Prototype/finvis/functions/node_modules/firebase-functions/lib/common/providers/https.js:467:26 {"user":"    at async /Users/tom/Documents/year3/dis/Prototype/finvis/functions/node_modules/firebase-functions/lib/common/providers/https.js:467:26","metadata":{"emulator":{"name":"functions"},"function":{"name":"europe-west2-getStockData"},"extension":{},"message":"\u001b[90m> \u001b[39m     at async /Users/tom/Documents/year3/dis/Prototype/finvis/functions/node_modules/firebase-functions/lib/common/providers/https.js:467:26"}}
[info] >      at async runFunction (/opt/homebrew/lib/node_modules/firebase-tools/lib/emulator/functionsEmulatorRuntime.js:506:9) {"user":"    at async runFunction (/opt/homebrew/lib/node_modules/firebase-tools/lib/emulator/functionsEmulatorRuntime.js:506:9)","metadata":{"emulator":{"name":"functions"},"function":{"name":"europe-west2-getStockData"},"extension":{},"message":"\u001b[90m> \u001b[39m     at async runFunction (/opt/homebrew/lib/node_modules/firebase-tools/lib/emulator/functionsEmulatorRuntime.js:506:9)"}}
[info] >      at async runHTTPS (/opt/homebrew/lib/node_modules/firebase-tools/lib/emulator/functionsEmulatorRuntime.js:531:5) {"user":"    at async runHTTPS (/opt/homebrew/lib/node_modules/firebase-tools/lib/emulator/functionsEmulatorRuntime.js:531:5)","metadata":{"emulator":{"name":"functions"},"function":{"name":"europe-west2-getStockData"},"extension":{},"message":"\u001b[90m> \u001b[39m     at async runHTTPS (/opt/homebrew/lib/node_modules/firebase-tools/lib/emulator/functionsEmulatorRuntime.js:531:5)"}}
[info] >      at async /opt/homebrew/lib/node_modules/firebase-tools/lib/emulator/functionsEmulatorRuntime.js:694:21 {"user":"    at async /opt/homebrew/lib/node_modules/firebase-tools/lib/emulator/functionsEmulatorRuntime.js:694:21","metadata":{"emulator":{"name":"functions"},"function":{"name":"europe-west2-getStockData"},"extension":{},"message":"\u001b[90m> \u001b[39m     at async /opt/homebrew/lib/node_modules/firebase-tools/lib/emulator/functionsEmulatorRuntime.js:694:21"}}
[info] >  {"severity":"ERROR","message":"Unhandled error Error: HTTP error! status: 404\n    at getExternalStockData (/Users/tom/Documents/year3/dis/Prototype/finvis/functions/lib/index.js:71:19)\n    at process.processTicksAndRejections (node:internal/process/task_queues:95:5)\n    at async /Users/tom/Documents/year3/dis/Prototype/finvis/functions/lib/index.js:152:12\n    at async /Users/tom/Documents/year3/dis/Prototype/finvis/functions/node_modules/firebase-functions/lib/common/providers/https.js:467:26\n    at async runFunction (/opt/homebrew/lib/node_modules/firebase-tools/lib/emulator/functionsEmulatorRuntime.js:506:9)\n    at async runHTTPS (/opt/homebrew/lib/node_modules/firebase-tools/lib/emulator/functionsEmulatorRuntime.js:531:5)\n    at async /opt/homebrew/lib/node_modules/firebase-tools/lib/emulator/functionsEmulatorRuntime.js:694:21"} {"user":{"severity":"ERROR","message":"Unhandled error Error: HTTP error! status: 404\n    at getExternalStockData (/Users/tom/Documents/year3/dis/Prototype/finvis/functions/lib/index.js:71:19)\n    at process.processTicksAndRejections (node:internal/process/task_queues:95:5)\n    at async /Users/tom/Documents/year3/dis/Prototype/finvis/functions/lib/index.js:152:12\n    at async /Users/tom/Documents/year3/dis/Prototype/finvis/functions/node_modules/firebase-functions/lib/common/providers/https.js:467:26\n    at async runFunction (/opt/homebrew/lib/node_modules/firebase-tools/lib/emulator/functionsEmulatorRuntime.js:506:9)\n    at async runHTTPS (/opt/homebrew/lib/node_modules/firebase-tools/lib/emulator/functionsEmulatorRuntime.js:531:5)\n    at async /opt/homebrew/lib/node_modules/firebase-tools/lib/emulator/functionsEmulatorRuntime.js:694:21"},"metadata":{"emulator":{"name":"functions"},"function":{"name":"europe-west2-getStockData"},"extension":{},"message":"\u001b[90m> \u001b[39m {\"severity\":\"ERROR\",\"message\":\"Unhandled error Error: HTTP error! status: 404\\n    at getExternalStockData (/Users/tom/Documents/year3/dis/Prototype/finvis/functions/lib/index.js:71:19)\\n    at process.processTicksAndRejections (node:internal/process/task_queues:95:5)\\n    at async /Users/tom/Documents/year3/dis/Prototype/finvis/functions/lib/index.js:152:12\\n    at async /Users/tom/Documents/year3/dis/Prototype/finvis/functions/node_modules/firebase-functions/lib/common/providers/https.js:467:26\\n    at async runFunction (/opt/homebrew/lib/node_modules/firebase-tools/lib/emulator/functionsEmulatorRuntime.js:506:9)\\n    at async runHTTPS (/opt/homebrew/lib/node_modules/firebase-tools/lib/emulator/functionsEmulatorRuntime.js:531:5)\\n    at async /opt/homebrew/lib/node_modules/firebase-tools/lib/emulator/functionsEmulatorRuntime.js:694:21\"}"}}
[debug] [2024-01-30T19:08:14.470Z] Finishing up request with event=pause {"metadata":{"emulator":{"name":"functions"},"function":{"name":"europe-west2-getStockData"},"extension":{},"message":"Finishing up request with event=pause"}}
[info] i  functions: Finished "europe-west2-getStockData" in 528.968542ms {"metadata":{"emulator":{"name":"functions"},"function":{"name":"europe-west2-getStockData"},"extension":{},"message":"Finished \"europe-west2-getStockData\" in 528.968542ms"}}
[debug] [2024-01-30T19:08:14.471Z] [worker-europe-west2-getStockData-db76c84d-0de8-47ea-837f-9c24fe7b2438]: IDLE {"metadata":{"emulator":{"name":"functions"},"function":{"name":"europe-west2-getStockData"},"extension":{},"message":"[worker-europe-west2-getStockData-db76c84d-0de8-47ea-837f-9c24fe7b2438]: IDLE"}}
[debug] [2024-01-30T19:08:14.471Z] Finishing up request with event=finish {"metadata":{"emulator":{"name":"functions"},"function":{"name":"europe-west2-getStockData"},"extension":{},"message":"Finishing up request with event=finish"}}
[debug] [2024-01-30T19:08:14.471Z] Finishing up request with event=close {"metadata":{"emulator":{"name":"functions"},"function":{"name":"europe-west2-getStockData"},"extension":{},"message":"Finishing up request with event=close"}}
[debug] [2024-01-30T19:08:14.471Z] [work-queue] {"queuedWork":[],"queueLength":0,"runningWork":[],"workRunningCount":0}
[debug] [2024-01-30T19:08:28.551Z] [work-queue] {"queuedWork":["/finvis-8304/europe-west2/getStockData-2024-01-30T19:08:28.551Z"],"queueLength":1,"runningWork":[],"workRunningCount":0}
[debug] [2024-01-30T19:08:28.552Z] [work-queue] {"queuedWork":[],"queueLength":0,"runningWork":["/finvis-8304/europe-west2/getStockData-2024-01-30T19:08:28.551Z"],"workRunningCount":1}
[debug] [2024-01-30T19:08:28.552Z] Accepted request POST /finvis-8304/europe-west2/getStockData --> europe-west2-getStockData
[debug] [2024-01-30T19:08:28.554Z] [functions] Runtime ready! Sending request! {"metadata":{"emulator":{"name":"functions"},"message":"[functions] Runtime ready! Sending request!"}}
[debug] [2024-01-30T19:08:28.555Z] [functions] Got req.url=/finvis-8304/europe-west2/getStockData, mapping to path=/ {"metadata":{"emulator":{"name":"functions"},"message":"[functions] Got req.url=/finvis-8304/europe-west2/getStockData, mapping to path=/"}}
[debug] [2024-01-30T19:08:28.555Z] [worker-pool] submitRequest(triggerId=europe-west2-getStockData) {"metadata":{"emulator":{"name":"functions"},"message":"[worker-pool] submitRequest(triggerId=europe-west2-getStockData)"}}
[info] i  functions: Beginning execution of "europe-west2-getStockData" {"metadata":{"emulator":{"name":"functions"},"function":{"name":"europe-west2-getStockData"},"extension":{},"message":"Beginning execution of \"europe-west2-getStockData\""}}
[debug] [2024-01-30T19:08:28.555Z] [worker-europe-west2-getStockData-db76c84d-0de8-47ea-837f-9c24fe7b2438]: BUSY {"metadata":{"emulator":{"name":"functions"},"function":{"name":"europe-west2-getStockData"},"extension":{},"message":"[worker-europe-west2-getStockData-db76c84d-0de8-47ea-837f-9c24fe7b2438]: BUSY"}}
[info] >  {"verifications":{"app":"MISSING","auth":"MISSING"},"logging.googleapis.com/labels":{"firebase-log-type":"callable-request-verification"},"severity":"DEBUG","message":"Callable request verification passed"} {"user":{"verifications":{"app":"MISSING","auth":"MISSING"},"logging.googleapis.com/labels":{"firebase-log-type":"callable-request-verification"},"severity":"DEBUG","message":"Callable request verification passed"},"metadata":{"emulator":{"name":"functions"},"function":{"name":"europe-west2-getStockData"},"extension":{},"message":"\u001b[90m> \u001b[39m {\"verifications\":{\"app\":\"MISSING\",\"auth\":\"MISSING\"},\"logging.googleapis.com/labels\":{\"firebase-log-type\":\"callable-request-verification\"},\"severity\":\"DEBUG\",\"message\":\"Callable request verification passed\"}"}}
[info] >  {"structuredData":true,"severity":"INFO","message":"Hello logs!"} {"user":{"structuredData":true,"severity":"INFO","message":"Hello logs!"},"metadata":{"emulator":{"name":"functions"},"function":{"name":"europe-west2-getStockData"},"extension":{},"message":"\u001b[90m> \u001b[39m {\"structuredData\":true,\"severity\":\"INFO\",\"message\":\"Hello logs!\"}"}}
[info] >  There was a problem with the fetch operation:  Error: HTTP error! status: 404 {"user":"There was a problem with the fetch operation:  Error: HTTP error! status: 404","metadata":{"emulator":{"name":"functions"},"function":{"name":"europe-west2-getStockData"},"extension":{},"message":"\u001b[90m> \u001b[39m There was a problem with the fetch operation:  Error: HTTP error! status: 404"}}
[info] >      at getExternalStockData (/Users/tom/Documents/year3/dis/Prototype/finvis/functions/lib/index.js:71:19) {"user":"    at getExternalStockData (/Users/tom/Documents/year3/dis/Prototype/finvis/functions/lib/index.js:71:19)","metadata":{"emulator":{"name":"functions"},"function":{"name":"europe-west2-getStockData"},"extension":{},"message":"\u001b[90m> \u001b[39m     at getExternalStockData (/Users/tom/Documents/year3/dis/Prototype/finvis/functions/lib/index.js:71:19)"}}
[info] >      at process.processTicksAndRejections (node:internal/process/task_queues:95:5) {"user":"    at process.processTicksAndRejections (node:internal/process/task_queues:95:5)","metadata":{"emulator":{"name":"functions"},"function":{"name":"europe-west2-getStockData"},"extension":{},"message":"\u001b[90m> \u001b[39m     at process.processTicksAndRejections (node:internal/process/task_queues:95:5)"}}
[info] >      at async /Users/tom/Documents/year3/dis/Prototype/finvis/functions/lib/index.js:152:12 {"user":"    at async /Users/tom/Documents/year3/dis/Prototype/finvis/functions/lib/index.js:152:12","metadata":{"emulator":{"name":"functions"},"function":{"name":"europe-west2-getStockData"},"extension":{},"message":"\u001b[90m> \u001b[39m     at async /Users/tom/Documents/year3/dis/Prototype/finvis/functions/lib/index.js:152:12"}}
[info] >      at async /Users/tom/Documents/year3/dis/Prototype/finvis/functions/node_modules/firebase-functions/lib/common/providers/https.js:467:26 {"user":"    at async /Users/tom/Documents/year3/dis/Prototype/finvis/functions/node_modules/firebase-functions/lib/common/providers/https.js:467:26","metadata":{"emulator":{"name":"functions"},"function":{"name":"europe-west2-getStockData"},"extension":{},"message":"\u001b[90m> \u001b[39m     at async /Users/tom/Documents/year3/dis/Prototype/finvis/functions/node_modules/firebase-functions/lib/common/providers/https.js:467:26"}}
[info] >      at async runFunction (/opt/homebrew/lib/node_modules/firebase-tools/lib/emulator/functionsEmulatorRuntime.js:506:9) {"user":"    at async runFunction (/opt/homebrew/lib/node_modules/firebase-tools/lib/emulator/functionsEmulatorRuntime.js:506:9)","metadata":{"emulator":{"name":"functions"},"function":{"name":"europe-west2-getStockData"},"extension":{},"message":"\u001b[90m> \u001b[39m     at async runFunction (/opt/homebrew/lib/node_modules/firebase-tools/lib/emulator/functionsEmulatorRuntime.js:506:9)"}}
[info] >      at async runHTTPS (/opt/homebrew/lib/node_modules/firebase-tools/lib/emulator/functionsEmulatorRuntime.js:531:5) {"user":"    at async runHTTPS (/opt/homebrew/lib/node_modules/firebase-tools/lib/emulator/functionsEmulatorRuntime.js:531:5)","metadata":{"emulator":{"name":"functions"},"function":{"name":"europe-west2-getStockData"},"extension":{},"message":"\u001b[90m> \u001b[39m     at async runHTTPS (/opt/homebrew/lib/node_modules/firebase-tools/lib/emulator/functionsEmulatorRuntime.js:531:5)"}}
[info] >      at async /opt/homebrew/lib/node_modules/firebase-tools/lib/emulator/functionsEmulatorRuntime.js:694:21 {"user":"    at async /opt/homebrew/lib/node_modules/firebase-tools/lib/emulator/functionsEmulatorRuntime.js:694:21","metadata":{"emulator":{"name":"functions"},"function":{"name":"europe-west2-getStockData"},"extension":{},"message":"\u001b[90m> \u001b[39m     at async /opt/homebrew/lib/node_modules/firebase-tools/lib/emulator/functionsEmulatorRuntime.js:694:21"}}
[info] >  {"severity":"ERROR","message":"Unhandled error Error: HTTP error! status: 404\n    at getExternalStockData (/Users/tom/Documents/year3/dis/Prototype/finvis/functions/lib/index.js:71:19)\n    at process.processTicksAndRejections (node:internal/process/task_queues:95:5)\n    at async /Users/tom/Documents/year3/dis/Prototype/finvis/functions/lib/index.js:152:12\n    at async /Users/tom/Documents/year3/dis/Prototype/finvis/functions/node_modules/firebase-functions/lib/common/providers/https.js:467:26\n    at async runFunction (/opt/homebrew/lib/node_modules/firebase-tools/lib/emulator/functionsEmulatorRuntime.js:506:9)\n    at async runHTTPS (/opt/homebrew/lib/node_modules/firebase-tools/lib/emulator/functionsEmulatorRuntime.js:531:5)\n    at async /opt/homebrew/lib/node_modules/firebase-tools/lib/emulator/functionsEmulatorRuntime.js:694:21"} {"user":{"severity":"ERROR","message":"Unhandled error Error: HTTP error! status: 404\n    at getExternalStockData (/Users/tom/Documents/year3/dis/Prototype/finvis/functions/lib/index.js:71:19)\n    at process.processTicksAndRejections (node:internal/process/task_queues:95:5)\n    at async /Users/tom/Documents/year3/dis/Prototype/finvis/functions/lib/index.js:152:12\n    at async /Users/tom/Documents/year3/dis/Prototype/finvis/functions/node_modules/firebase-functions/lib/common/providers/https.js:467:26\n    at async runFunction (/opt/homebrew/lib/node_modules/firebase-tools/lib/emulator/functionsEmulatorRuntime.js:506:9)\n    at async runHTTPS (/opt/homebrew/lib/node_modules/firebase-tools/lib/emulator/functionsEmulatorRuntime.js:531:5)\n    at async /opt/homebrew/lib/node_modules/firebase-tools/lib/emulator/functionsEmulatorRuntime.js:694:21"},"metadata":{"emulator":{"name":"functions"},"function":{"name":"europe-west2-getStockData"},"extension":{},"message":"\u001b[90m> \u001b[39m {\"severity\":\"ERROR\",\"message\":\"Unhandled error Error: HTTP error! status: 404\\n    at getExternalStockData (/Users/tom/Documents/year3/dis/Prototype/finvis/functions/lib/index.js:71:19)\\n    at process.processTicksAndRejections (node:internal/process/task_queues:95:5)\\n    at async /Users/tom/Documents/year3/dis/Prototype/finvis/functions/lib/index.js:152:12\\n    at async /Users/tom/Documents/year3/dis/Prototype/finvis/functions/node_modules/firebase-functions/lib/common/providers/https.js:467:26\\n    at async runFunction (/opt/homebrew/lib/node_modules/firebase-tools/lib/emulator/functionsEmulatorRuntime.js:506:9)\\n    at async runHTTPS (/opt/homebrew/lib/node_modules/firebase-tools/lib/emulator/functionsEmulatorRuntime.js:531:5)\\n    at async /opt/homebrew/lib/node_modules/firebase-tools/lib/emulator/functionsEmulatorRuntime.js:694:21\"}"}}
[debug] [2024-01-30T19:08:28.866Z] Finishing up request with event=pause {"metadata":{"emulator":{"name":"functions"},"function":{"name":"europe-west2-getStockData"},"extension":{},"message":"Finishing up request with event=pause"}}
[info] i  functions: Finished "europe-west2-getStockData" in 311.323958ms {"metadata":{"emulator":{"name":"functions"},"function":{"name":"europe-west2-getStockData"},"extension":{},"message":"Finished \"europe-west2-getStockData\" in 311.323958ms"}}
[debug] [2024-01-30T19:08:28.867Z] [worker-europe-west2-getStockData-db76c84d-0de8-47ea-837f-9c24fe7b2438]: IDLE {"metadata":{"emulator":{"name":"functions"},"function":{"name":"europe-west2-getStockData"},"extension":{},"message":"[worker-europe-west2-getStockData-db76c84d-0de8-47ea-837f-9c24fe7b2438]: IDLE"}}
[debug] [2024-01-30T19:08:28.867Z] Finishing up request with event=finish {"metadata":{"emulator":{"name":"functions"},"function":{"name":"europe-west2-getStockData"},"extension":{},"message":"Finishing up request with event=finish"}}
[debug] [2024-01-30T19:08:28.867Z] Finishing up request with event=close {"metadata":{"emulator":{"name":"functions"},"function":{"name":"europe-west2-getStockData"},"extension":{},"message":"Finishing up request with event=close"}}
[debug] [2024-01-30T19:08:28.867Z] [work-queue] {"queuedWork":[],"queueLength":0,"runningWork":[],"workRunningCount":0}
[debug] [2024-01-30T19:09:43.403Z] [work-queue] {"queuedWork":["/finvis-8304/europe-west2/getStockData-2024-01-30T19:09:43.403Z"],"queueLength":1,"runningWork":[],"workRunningCount":0}
[debug] [2024-01-30T19:09:43.403Z] [work-queue] {"queuedWork":[],"queueLength":0,"runningWork":["/finvis-8304/europe-west2/getStockData-2024-01-30T19:09:43.403Z"],"workRunningCount":1}
[debug] [2024-01-30T19:09:43.403Z] Accepted request POST /finvis-8304/europe-west2/getStockData --> europe-west2-getStockData
[debug] [2024-01-30T19:09:43.405Z] [functions] Runtime ready! Sending request! {"metadata":{"emulator":{"name":"functions"},"message":"[functions] Runtime ready! Sending request!"}}
[debug] [2024-01-30T19:09:43.406Z] [functions] Got req.url=/finvis-8304/europe-west2/getStockData, mapping to path=/ {"metadata":{"emulator":{"name":"functions"},"message":"[functions] Got req.url=/finvis-8304/europe-west2/getStockData, mapping to path=/"}}
[debug] [2024-01-30T19:09:43.406Z] [worker-pool] submitRequest(triggerId=europe-west2-getStockData) {"metadata":{"emulator":{"name":"functions"},"message":"[worker-pool] submitRequest(triggerId=europe-west2-getStockData)"}}
[info] i  functions: Beginning execution of "europe-west2-getStockData" {"metadata":{"emulator":{"name":"functions"},"function":{"name":"europe-west2-getStockData"},"extension":{},"message":"Beginning execution of \"europe-west2-getStockData\""}}
[debug] [2024-01-30T19:09:43.407Z] [worker-europe-west2-getStockData-db76c84d-0de8-47ea-837f-9c24fe7b2438]: BUSY {"metadata":{"emulator":{"name":"functions"},"function":{"name":"europe-west2-getStockData"},"extension":{},"message":"[worker-europe-west2-getStockData-db76c84d-0de8-47ea-837f-9c24fe7b2438]: BUSY"}}
[info] >  {"verifications":{"app":"MISSING","auth":"MISSING"},"logging.googleapis.com/labels":{"firebase-log-type":"callable-request-verification"},"severity":"DEBUG","message":"Callable request verification passed"} {"user":{"verifications":{"app":"MISSING","auth":"MISSING"},"logging.googleapis.com/labels":{"firebase-log-type":"callable-request-verification"},"severity":"DEBUG","message":"Callable request verification passed"},"metadata":{"emulator":{"name":"functions"},"function":{"name":"europe-west2-getStockData"},"extension":{},"message":"\u001b[90m> \u001b[39m {\"verifications\":{\"app\":\"MISSING\",\"auth\":\"MISSING\"},\"logging.googleapis.com/labels\":{\"firebase-log-type\":\"callable-request-verification\"},\"severity\":\"DEBUG\",\"message\":\"Callable request verification passed\"}"}}
[info] >  {"structuredData":true,"severity":"INFO","message":"Hello logs!"} {"user":{"structuredData":true,"severity":"INFO","message":"Hello logs!"},"metadata":{"emulator":{"name":"functions"},"function":{"name":"europe-west2-getStockData"},"extension":{},"message":"\u001b[90m> \u001b[39m {\"structuredData\":true,\"severity\":\"INFO\",\"message\":\"Hello logs!\"}"}}
[info] >  There was a problem with the fetch operation:  Error: HTTP error! status: 400 {"user":"There was a problem with the fetch operation:  Error: HTTP error! status: 400","metadata":{"emulator":{"name":"functions"},"function":{"name":"europe-west2-getStockData"},"extension":{},"message":"\u001b[90m> \u001b[39m There was a problem with the fetch operation:  Error: HTTP error! status: 400"}}
[info] >      at getExternalStockData (/Users/tom/Documents/year3/dis/Prototype/finvis/functions/lib/index.js:71:19) {"user":"    at getExternalStockData (/Users/tom/Documents/year3/dis/Prototype/finvis/functions/lib/index.js:71:19)","metadata":{"emulator":{"name":"functions"},"function":{"name":"europe-west2-getStockData"},"extension":{},"message":"\u001b[90m> \u001b[39m     at getExternalStockData (/Users/tom/Documents/year3/dis/Prototype/finvis/functions/lib/index.js:71:19)"}}
[info] >      at process.processTicksAndRejections (node:internal/process/task_queues:95:5) {"user":"    at process.processTicksAndRejections (node:internal/process/task_queues:95:5)","metadata":{"emulator":{"name":"functions"},"function":{"name":"europe-west2-getStockData"},"extension":{},"message":"\u001b[90m> \u001b[39m     at process.processTicksAndRejections (node:internal/process/task_queues:95:5)"}}
[info] >      at async /Users/tom/Documents/year3/dis/Prototype/finvis/functions/lib/index.js:152:12 {"user":"    at async /Users/tom/Documents/year3/dis/Prototype/finvis/functions/lib/index.js:152:12","metadata":{"emulator":{"name":"functions"},"function":{"name":"europe-west2-getStockData"},"extension":{},"message":"\u001b[90m> \u001b[39m     at async /Users/tom/Documents/year3/dis/Prototype/finvis/functions/lib/index.js:152:12"}}
[info] >      at async /Users/tom/Documents/year3/dis/Prototype/finvis/functions/node_modules/firebase-functions/lib/common/providers/https.js:467:26 {"user":"    at async /Users/tom/Documents/year3/dis/Prototype/finvis/functions/node_modules/firebase-functions/lib/common/providers/https.js:467:26","metadata":{"emulator":{"name":"functions"},"function":{"name":"europe-west2-getStockData"},"extension":{},"message":"\u001b[90m> \u001b[39m     at async /Users/tom/Documents/year3/dis/Prototype/finvis/functions/node_modules/firebase-functions/lib/common/providers/https.js:467:26"}}
[info] >      at async runFunction (/opt/homebrew/lib/node_modules/firebase-tools/lib/emulator/functionsEmulatorRuntime.js:506:9) {"user":"    at async runFunction (/opt/homebrew/lib/node_modules/firebase-tools/lib/emulator/functionsEmulatorRuntime.js:506:9)","metadata":{"emulator":{"name":"functions"},"function":{"name":"europe-west2-getStockData"},"extension":{},"message":"\u001b[90m> \u001b[39m     at async runFunction (/opt/homebrew/lib/node_modules/firebase-tools/lib/emulator/functionsEmulatorRuntime.js:506:9)"}}
[info] >      at async runHTTPS (/opt/homebrew/lib/node_modules/firebase-tools/lib/emulator/functionsEmulatorRuntime.js:531:5) {"user":"    at async runHTTPS (/opt/homebrew/lib/node_modules/firebase-tools/lib/emulator/functionsEmulatorRuntime.js:531:5)","metadata":{"emulator":{"name":"functions"},"function":{"name":"europe-west2-getStockData"},"extension":{},"message":"\u001b[90m> \u001b[39m     at async runHTTPS (/opt/homebrew/lib/node_modules/firebase-tools/lib/emulator/functionsEmulatorRuntime.js:531:5)"}}
[info] >      at async /opt/homebrew/lib/node_modules/firebase-tools/lib/emulator/functionsEmulatorRuntime.js:694:21 {"user":"    at async /opt/homebrew/lib/node_modules/firebase-tools/lib/emulator/functionsEmulatorRuntime.js:694:21","metadata":{"emulator":{"name":"functions"},"function":{"name":"europe-west2-getStockData"},"extension":{},"message":"\u001b[90m> \u001b[39m     at async /opt/homebrew/lib/node_modules/firebase-tools/lib/emulator/functionsEmulatorRuntime.js:694:21"}}
[info] >  {"severity":"ERROR","message":"Unhandled error Error: HTTP error! status: 400\n    at getExternalStockData (/Users/tom/Documents/year3/dis/Prototype/finvis/functions/lib/index.js:71:19)\n    at process.processTicksAndRejections (node:internal/process/task_queues:95:5)\n    at async /Users/tom/Documents/year3/dis/Prototype/finvis/functions/lib/index.js:152:12\n    at async /Users/tom/Documents/year3/dis/Prototype/finvis/functions/node_modules/firebase-functions/lib/common/providers/https.js:467:26\n    at async runFunction (/opt/homebrew/lib/node_modules/firebase-tools/lib/emulator/functionsEmulatorRuntime.js:506:9)\n    at async runHTTPS (/opt/homebrew/lib/node_modules/firebase-tools/lib/emulator/functionsEmulatorRuntime.js:531:5)\n    at async /opt/homebrew/lib/node_modules/firebase-tools/lib/emulator/functionsEmulatorRuntime.js:694:21"} {"user":{"severity":"ERROR","message":"Unhandled error Error: HTTP error! status: 400\n    at getExternalStockData (/Users/tom/Documents/year3/dis/Prototype/finvis/functions/lib/index.js:71:19)\n    at process.processTicksAndRejections (node:internal/process/task_queues:95:5)\n    at async /Users/tom/Documents/year3/dis/Prototype/finvis/functions/lib/index.js:152:12\n    at async /Users/tom/Documents/year3/dis/Prototype/finvis/functions/node_modules/firebase-functions/lib/common/providers/https.js:467:26\n    at async runFunction (/opt/homebrew/lib/node_modules/firebase-tools/lib/emulator/functionsEmulatorRuntime.js:506:9)\n    at async runHTTPS (/opt/homebrew/lib/node_modules/firebase-tools/lib/emulator/functionsEmulatorRuntime.js:531:5)\n    at async /opt/homebrew/lib/node_modules/firebase-tools/lib/emulator/functionsEmulatorRuntime.js:694:21"},"metadata":{"emulator":{"name":"functions"},"function":{"name":"europe-west2-getStockData"},"extension":{},"message":"\u001b[90m> \u001b[39m {\"severity\":\"ERROR\",\"message\":\"Unhandled error Error: HTTP error! status: 400\\n    at getExternalStockData (/Users/tom/Documents/year3/dis/Prototype/finvis/functions/lib/index.js:71:19)\\n    at process.processTicksAndRejections (node:internal/process/task_queues:95:5)\\n    at async /Users/tom/Documents/year3/dis/Prototype/finvis/functions/lib/index.js:152:12\\n    at async /Users/tom/Documents/year3/dis/Prototype/finvis/functions/node_modules/firebase-functions/lib/common/providers/https.js:467:26\\n    at async runFunction (/opt/homebrew/lib/node_modules/firebase-tools/lib/emulator/functionsEmulatorRuntime.js:506:9)\\n    at async runHTTPS (/opt/homebrew/lib/node_modules/firebase-tools/lib/emulator/functionsEmulatorRuntime.js:531:5)\\n    at async /opt/homebrew/lib/node_modules/firebase-tools/lib/emulator/functionsEmulatorRuntime.js:694:21\"}"}}
[debug] [2024-01-30T19:09:44.191Z] Finishing up request with event=pause {"metadata":{"emulator":{"name":"functions"},"function":{"name":"europe-west2-getStockData"},"extension":{},"message":"Finishing up request with event=pause"}}
[info] i  functions: Finished "europe-west2-getStockData" in 784.479125ms {"metadata":{"emulator":{"name":"functions"},"function":{"name":"europe-west2-getStockData"},"extension":{},"message":"Finished \"europe-west2-getStockData\" in 784.479125ms"}}
[debug] [2024-01-30T19:09:44.191Z] [worker-europe-west2-getStockData-db76c84d-0de8-47ea-837f-9c24fe7b2438]: IDLE {"metadata":{"emulator":{"name":"functions"},"function":{"name":"europe-west2-getStockData"},"extension":{},"message":"[worker-europe-west2-getStockData-db76c84d-0de8-47ea-837f-9c24fe7b2438]: IDLE"}}
[debug] [2024-01-30T19:09:44.191Z] Finishing up request with event=finish {"metadata":{"emulator":{"name":"functions"},"function":{"name":"europe-west2-getStockData"},"extension":{},"message":"Finishing up request with event=finish"}}
[debug] [2024-01-30T19:09:44.192Z] Finishing up request with event=close {"metadata":{"emulator":{"name":"functions"},"function":{"name":"europe-west2-getStockData"},"extension":{},"message":"Finishing up request with event=close"}}
[debug] [2024-01-30T19:09:44.192Z] [work-queue] {"queuedWork":[],"queueLength":0,"runningWork":[],"workRunningCount":0}
[debug] [2024-01-30T19:10:03.338Z] [work-queue] {"queuedWork":["/finvis-8304/europe-west2/getStockData-2024-01-30T19:10:03.338Z"],"queueLength":1,"runningWork":[],"workRunningCount":0}
[debug] [2024-01-30T19:10:03.338Z] [work-queue] {"queuedWork":[],"queueLength":0,"runningWork":["/finvis-8304/europe-west2/getStockData-2024-01-30T19:10:03.338Z"],"workRunningCount":1}
[debug] [2024-01-30T19:10:03.339Z] Accepted request POST /finvis-8304/europe-west2/getStockData --> europe-west2-getStockData
[debug] [2024-01-30T19:10:03.341Z] [functions] Runtime ready! Sending request! {"metadata":{"emulator":{"name":"functions"},"message":"[functions] Runtime ready! Sending request!"}}
[debug] [2024-01-30T19:10:03.341Z] [functions] Got req.url=/finvis-8304/europe-west2/getStockData, mapping to path=/ {"metadata":{"emulator":{"name":"functions"},"message":"[functions] Got req.url=/finvis-8304/europe-west2/getStockData, mapping to path=/"}}
[debug] [2024-01-30T19:10:03.341Z] [worker-pool] submitRequest(triggerId=europe-west2-getStockData) {"metadata":{"emulator":{"name":"functions"},"message":"[worker-pool] submitRequest(triggerId=europe-west2-getStockData)"}}
[info] i  functions: Beginning execution of "europe-west2-getStockData" {"metadata":{"emulator":{"name":"functions"},"function":{"name":"europe-west2-getStockData"},"extension":{},"message":"Beginning execution of \"europe-west2-getStockData\""}}
[debug] [2024-01-30T19:10:03.342Z] [worker-europe-west2-getStockData-db76c84d-0de8-47ea-837f-9c24fe7b2438]: BUSY {"metadata":{"emulator":{"name":"functions"},"function":{"name":"europe-west2-getStockData"},"extension":{},"message":"[worker-europe-west2-getStockData-db76c84d-0de8-47ea-837f-9c24fe7b2438]: BUSY"}}
[info] >  {"verifications":{"app":"MISSING","auth":"MISSING"},"logging.googleapis.com/labels":{"firebase-log-type":"callable-request-verification"},"severity":"DEBUG","message":"Callable request verification passed"} {"user":{"verifications":{"app":"MISSING","auth":"MISSING"},"logging.googleapis.com/labels":{"firebase-log-type":"callable-request-verification"},"severity":"DEBUG","message":"Callable request verification passed"},"metadata":{"emulator":{"name":"functions"},"function":{"name":"europe-west2-getStockData"},"extension":{},"message":"\u001b[90m> \u001b[39m {\"verifications\":{\"app\":\"MISSING\",\"auth\":\"MISSING\"},\"logging.googleapis.com/labels\":{\"firebase-log-type\":\"callable-request-verification\"},\"severity\":\"DEBUG\",\"message\":\"Callable request verification passed\"}"}}
[info] >  {"structuredData":true,"severity":"INFO","message":"Hello logs!"} {"user":{"structuredData":true,"severity":"INFO","message":"Hello logs!"},"metadata":{"emulator":{"name":"functions"},"function":{"name":"europe-west2-getStockData"},"extension":{},"message":"\u001b[90m> \u001b[39m {\"structuredData\":true,\"severity\":\"INFO\",\"message\":\"Hello logs!\"}"}}
[debug] [2024-01-30T19:10:03.980Z] Finishing up request with event=pause {"metadata":{"emulator":{"name":"functions"},"function":{"name":"europe-west2-getStockData"},"extension":{},"message":"Finishing up request with event=pause"}}
[info] i  functions: Finished "europe-west2-getStockData" in 638.440042ms {"metadata":{"emulator":{"name":"functions"},"function":{"name":"europe-west2-getStockData"},"extension":{},"message":"Finished \"europe-west2-getStockData\" in 638.440042ms"}}
[debug] [2024-01-30T19:10:03.980Z] [worker-europe-west2-getStockData-db76c84d-0de8-47ea-837f-9c24fe7b2438]: IDLE {"metadata":{"emulator":{"name":"functions"},"function":{"name":"europe-west2-getStockData"},"extension":{},"message":"[worker-europe-west2-getStockData-db76c84d-0de8-47ea-837f-9c24fe7b2438]: IDLE"}}
[debug] [2024-01-30T19:10:03.981Z] Finishing up request with event=finish {"metadata":{"emulator":{"name":"functions"},"function":{"name":"europe-west2-getStockData"},"extension":{},"message":"Finishing up request with event=finish"}}
[debug] [2024-01-30T19:10:03.981Z] Finishing up request with event=close {"metadata":{"emulator":{"name":"functions"},"function":{"name":"europe-west2-getStockData"},"extension":{},"message":"Finishing up request with event=close"}}
[debug] [2024-01-30T19:10:03.981Z] [work-queue] {"queuedWork":[],"queueLength":0,"runningWork":[],"workRunningCount":0}
[debug] [2024-01-30T20:04:20.727Z] File /Users/tom/Documents/year3/dis/Prototype/finvis/functions/src/stockdata.ts changed, reloading triggers {"metadata":{"emulator":{"name":"functions"},"message":"File /Users/tom/Documents/year3/dis/Prototype/finvis/functions/src/stockdata.ts changed, reloading triggers"}}
[debug] [2024-01-30T20:04:21.735Z] Validating nodejs source
[warn] ⚠  functions: package.json indicates an outdated version of firebase-functions. Please upgrade using npm install --save firebase-functions@latest in your functions directory. 
[debug] [2024-01-30T20:04:22.201Z] > [functions] package.json contents: {
  "name": "functions",
  "scripts": {
    "lint": "eslint --ext .js,.ts .",
    "build": "tsc",
    "build:watch": "tsc --watch",
    "serve": "npm run build && firebase emulators:start --only functions",
    "shell": "npm run build && firebase functions:shell",
    "start": "npm run shell",
    "deploy": "firebase deploy --only functions",
    "logs": "firebase functions:log",
    "test": "jest"
  },
  "engines": {
    "node": "18"
  },
  "main": "lib/index.js",
  "dependencies": {
    "firebase-admin": "^11.8.0",
    "firebase-functions": "^4.3.1"
  },
  "devDependencies": {
    "@typescript-eslint/eslint-plugin": "^5.12.0",
    "@typescript-eslint/parser": "^5.12.0",
    "eslint": "^8.9.0",
    "eslint-config-google": "^0.14.0",
    "eslint-config-prettier": "^9.1.0",
    "eslint-plugin-import": "^2.25.4",
    "firebase-functions-test": "^3.1.0",
    "typescript": "^4.9.0"
  },
  "private": true
}
[debug] [2024-01-30T20:04:22.201Z] Building nodejs source
[debug] [2024-01-30T20:04:22.201Z] Failed to find version of module node: reached end of search path /Users/tom/Documents/year3/dis/Prototype/finvis/functions/node_modules
[warn] ⚠  functions: Your requested "node" version "18" doesn't match your global version "21". Using node@21 from host. 
[debug] [2024-01-30T20:04:22.202Z] Could not find functions.yaml. Must use http discovery
[debug] [2024-01-30T20:04:22.203Z] Found firebase-functions binary at '/Users/tom/Documents/year3/dis/Prototype/finvis/functions/node_modules/.bin/firebase-functions'
[info] Serving at port 8011

[debug] [2024-01-30T20:04:22.432Z] Got response from /__/functions.yaml {"endpoints":{"getNewsData":{"availableMemoryMb":null,"timeoutSeconds":null,"minInstances":null,"maxInstances":null,"ingressSettings":null,"concurrency":null,"serviceAccountEmail":null,"vpc":null,"platform":"gcfv2","region":["europe-west2"],"labels":{},"callableTrigger":{},"entryPoint":"getNewsData"},"getStockData":{"availableMemoryMb":null,"timeoutSeconds":null,"minInstances":null,"maxInstances":null,"ingressSettings":null,"concurrency":null,"serviceAccountEmail":null,"vpc":null,"platform":"gcfv2","region":["europe-west2"],"labels":{},"callableTrigger":{},"entryPoint":"getStockData"}},"specVersion":"v1alpha1","requiredAPIs":[]}
[info] ✔  functions: Loaded functions definitions from source: getNewsData, getStockData. {"metadata":{"emulator":{"name":"functions"},"message":"Loaded functions definitions from source: getNewsData, getStockData."}}
[debug] [2024-01-30T20:04:27.438Z] [worker-pool] Shutting down IDLE worker (europe-west2-getStockData) {"metadata":{"emulator":{"name":"functions"},"message":"[worker-pool] Shutting down IDLE worker (europe-west2-getStockData)"}}
[debug] [2024-01-30T20:04:27.438Z] [worker-europe-west2-getStockData-db76c84d-0de8-47ea-837f-9c24fe7b2438]: FINISHING {"metadata":{"emulator":{"name":"functions"},"function":{"name":"europe-west2-getStockData"},"extension":{},"message":"[worker-europe-west2-getStockData-db76c84d-0de8-47ea-837f-9c24fe7b2438]: FINISHING"}}
[debug] [2024-01-30T20:04:27.442Z] [worker-europe-west2-getStockData-db76c84d-0de8-47ea-837f-9c24fe7b2438]: exited {"metadata":{"emulator":{"name":"functions"},"function":{"name":"europe-west2-getStockData"},"extension":{},"message":"[worker-europe-west2-getStockData-db76c84d-0de8-47ea-837f-9c24fe7b2438]: exited"}}
[debug] [2024-01-30T20:04:27.442Z] [worker-europe-west2-getStockData-db76c84d-0de8-47ea-837f-9c24fe7b2438]: FINISHED {"metadata":{"emulator":{"name":"functions"},"function":{"name":"europe-west2-getStockData"},"extension":{},"message":"[worker-europe-west2-getStockData-db76c84d-0de8-47ea-837f-9c24fe7b2438]: FINISHED"}}
[debug] [2024-01-30T20:04:47.814Z] File /Users/tom/Documents/year3/dis/Prototype/finvis/functions/src/index.ts changed, reloading triggers {"metadata":{"emulator":{"name":"functions"},"message":"File /Users/tom/Documents/year3/dis/Prototype/finvis/functions/src/index.ts changed, reloading triggers"}}
[debug] [2024-01-30T20:04:48.816Z] Validating nodejs source
[warn] ⚠  functions: package.json indicates an outdated version of firebase-functions. Please upgrade using npm install --save firebase-functions@latest in your functions directory. 
[debug] [2024-01-30T20:04:49.260Z] > [functions] package.json contents: {
  "name": "functions",
  "scripts": {
    "lint": "eslint --ext .js,.ts .",
    "build": "tsc",
    "build:watch": "tsc --watch",
    "serve": "npm run build && firebase emulators:start --only functions",
    "shell": "npm run build && firebase functions:shell",
    "start": "npm run shell",
    "deploy": "firebase deploy --only functions",
    "logs": "firebase functions:log",
    "test": "jest"
  },
  "engines": {
    "node": "18"
  },
  "main": "lib/index.js",
  "dependencies": {
    "firebase-admin": "^11.8.0",
    "firebase-functions": "^4.3.1"
  },
  "devDependencies": {
    "@typescript-eslint/eslint-plugin": "^5.12.0",
    "@typescript-eslint/parser": "^5.12.0",
    "eslint": "^8.9.0",
    "eslint-config-google": "^0.14.0",
    "eslint-config-prettier": "^9.1.0",
    "eslint-plugin-import": "^2.25.4",
    "firebase-functions-test": "^3.1.0",
    "typescript": "^4.9.0"
  },
  "private": true
}
[debug] [2024-01-30T20:04:49.260Z] Building nodejs source
[debug] [2024-01-30T20:04:49.260Z] Failed to find version of module node: reached end of search path /Users/tom/Documents/year3/dis/Prototype/finvis/functions/node_modules
[warn] ⚠  functions: Your requested "node" version "18" doesn't match your global version "21". Using node@21 from host. 
[debug] [2024-01-30T20:04:49.261Z] Could not find functions.yaml. Must use http discovery
[debug] [2024-01-30T20:04:49.262Z] Found firebase-functions binary at '/Users/tom/Documents/year3/dis/Prototype/finvis/functions/node_modules/.bin/firebase-functions'
[info] Serving at port 8994

[debug] [2024-01-30T20:04:49.390Z] Got response from /__/functions.yaml {"endpoints":{"getNewsData":{"availableMemoryMb":null,"timeoutSeconds":null,"minInstances":null,"maxInstances":null,"ingressSettings":null,"concurrency":null,"serviceAccountEmail":null,"vpc":null,"platform":"gcfv2","region":["europe-west2"],"labels":{},"callableTrigger":{},"entryPoint":"getNewsData"},"getStockData":{"availableMemoryMb":null,"timeoutSeconds":null,"minInstances":null,"maxInstances":null,"ingressSettings":null,"concurrency":null,"serviceAccountEmail":null,"vpc":null,"platform":"gcfv2","region":["europe-west2"],"labels":{},"callableTrigger":{},"entryPoint":"getStockData"}},"specVersion":"v1alpha1","requiredAPIs":[]}
[debug] [2024-01-30T20:04:49.763Z] File /Users/tom/Documents/year3/dis/Prototype/finvis/functions/src/index.ts changed, reloading triggers {"metadata":{"emulator":{"name":"functions"},"message":"File /Users/tom/Documents/year3/dis/Prototype/finvis/functions/src/index.ts changed, reloading triggers"}}
[debug] [2024-01-30T20:04:50.764Z] Validating nodejs source
[warn] ⚠  functions: package.json indicates an outdated version of firebase-functions. Please upgrade using npm install --save firebase-functions@latest in your functions directory. 
[debug] [2024-01-30T20:04:51.336Z] > [functions] package.json contents: {
  "name": "functions",
  "scripts": {
    "lint": "eslint --ext .js,.ts .",
    "build": "tsc",
    "build:watch": "tsc --watch",
    "serve": "npm run build && firebase emulators:start --only functions",
    "shell": "npm run build && firebase functions:shell",
    "start": "npm run shell",
    "deploy": "firebase deploy --only functions",
    "logs": "firebase functions:log",
    "test": "jest"
  },
  "engines": {
    "node": "18"
  },
  "main": "lib/index.js",
  "dependencies": {
    "firebase-admin": "^11.8.0",
    "firebase-functions": "^4.3.1"
  },
  "devDependencies": {
    "@typescript-eslint/eslint-plugin": "^5.12.0",
    "@typescript-eslint/parser": "^5.12.0",
    "eslint": "^8.9.0",
    "eslint-config-google": "^0.14.0",
    "eslint-config-prettier": "^9.1.0",
    "eslint-plugin-import": "^2.25.4",
    "firebase-functions-test": "^3.1.0",
    "typescript": "^4.9.0"
  },
  "private": true
}
[debug] [2024-01-30T20:04:51.336Z] Building nodejs source
[debug] [2024-01-30T20:04:51.336Z] Failed to find version of module node: reached end of search path /Users/tom/Documents/year3/dis/Prototype/finvis/functions/node_modules
[warn] ⚠  functions: Your requested "node" version "18" doesn't match your global version "21". Using node@21 from host. 
[debug] [2024-01-30T20:04:51.337Z] Could not find functions.yaml. Must use http discovery
[debug] [2024-01-30T20:04:51.338Z] Found firebase-functions binary at '/Users/tom/Documents/year3/dis/Prototype/finvis/functions/node_modules/.bin/firebase-functions'
[info] Serving at port 8963

[debug] [2024-01-30T20:04:51.469Z] Got response from /__/functions.yaml {"endpoints":{"getNewsData":{"availableMemoryMb":null,"timeoutSeconds":null,"minInstances":null,"maxInstances":null,"ingressSettings":null,"concurrency":null,"serviceAccountEmail":null,"vpc":null,"platform":"gcfv2","region":["europe-west2"],"labels":{},"callableTrigger":{},"entryPoint":"getNewsData"},"getStockData":{"availableMemoryMb":null,"timeoutSeconds":null,"minInstances":null,"maxInstances":null,"ingressSettings":null,"concurrency":null,"serviceAccountEmail":null,"vpc":null,"platform":"gcfv2","region":["europe-west2"],"labels":{},"callableTrigger":{},"entryPoint":"getStockData"}},"specVersion":"v1alpha1","requiredAPIs":[]}
